CRITICAL - 2023-08-07 06:44:30 --> Undefined variable $komik
in APPPATH\Views\anime\detail.php on line 7.
 1 APPPATH\Views\anime\detail.php(7): CodeIgniter\Debug\Exceptions->errorHandler(2, 'Undefined variable $komik', 'C:\\Users\\Acer\\Documents\\perkUIiahan\\Archives\\CodeIgniter4\\codeigniter4-projectWeb\\app\\Views\\anime\\detail.php', 7)
 2 SYSTEMPATH\View\View.php(224): include('C:\\Users\\Acer\\Documents\\perkUIiahan\\Archives\\CodeIgniter4\\codeigniter4-projectWeb\\app\\Views\\anime\\detail.php')
 3 SYSTEMPATH\View\View.php(227): CodeIgniter\View\View->CodeIgniter\View\{closure}()
 4 SYSTEMPATH\Common.php(1176): CodeIgniter\View\View->render('anime/detail', [], true)
 5 APPPATH\Controllers\Anime.php(51): view('anime/detail', [...])
 6 SYSTEMPATH\CodeIgniter.php(932): App\Controllers\Anime->detail('list')
 7 SYSTEMPATH\CodeIgniter.php(497): CodeIgniter\CodeIgniter->runController(Object(App\Controllers\Anime))
 8 SYSTEMPATH\CodeIgniter.php(366): CodeIgniter\CodeIgniter->handleRequest(null, Object(Config\Cache), false)
 9 FCPATH\index.php(67): CodeIgniter\CodeIgniter->run()
10 SYSTEMPATH\Commands\Server\rewrite.php(47): require_once('C:\\Users\\Acer\\Documents\\perkUIiahan\\Archives\\CodeIgniter4\\codeigniter4-projectWeb\\public\\index.php')
CRITICAL - 2023-08-07 06:45:48 --> Undefined variable $komik
in APPPATH\Views\anime\detail.php on line 7.
 1 APPPATH\Views\anime\detail.php(7): CodeIgniter\Debug\Exceptions->errorHandler(2, 'Undefined variable $komik', 'C:\\Users\\Acer\\Documents\\perkUIiahan\\Archives\\CodeIgniter4\\codeigniter4-projectWeb\\app\\Views\\anime\\detail.php', 7)
 2 SYSTEMPATH\View\View.php(224): include('C:\\Users\\Acer\\Documents\\perkUIiahan\\Archives\\CodeIgniter4\\codeigniter4-projectWeb\\app\\Views\\anime\\detail.php')
 3 SYSTEMPATH\View\View.php(227): CodeIgniter\View\View->CodeIgniter\View\{closure}()
 4 SYSTEMPATH\Common.php(1176): CodeIgniter\View\View->render('anime/detail', [], true)
 5 APPPATH\Controllers\Anime.php(51): view('anime/detail', [...])
 6 SYSTEMPATH\CodeIgniter.php(932): App\Controllers\Anime->detail('list')
 7 SYSTEMPATH\CodeIgniter.php(497): CodeIgniter\CodeIgniter->runController(Object(App\Controllers\Anime))
 8 SYSTEMPATH\CodeIgniter.php(366): CodeIgniter\CodeIgniter->handleRequest(null, Object(Config\Cache), false)
 9 FCPATH\index.php(67): CodeIgniter\CodeIgniter->run()
10 SYSTEMPATH\Commands\Server\rewrite.php(47): require_once('C:\\Users\\Acer\\Documents\\perkUIiahan\\Archives\\CodeIgniter4\\codeigniter4-projectWeb\\public\\index.php')
CRITICAL - 2023-08-07 06:45:48 --> Undefined variable $komik
in APPPATH\Views\anime\detail.php on line 7.
 1 APPPATH\Views\anime\detail.php(7): CodeIgniter\Debug\Exceptions->errorHandler(2, 'Undefined variable $komik', 'C:\\Users\\Acer\\Documents\\perkUIiahan\\Archives\\CodeIgniter4\\codeigniter4-projectWeb\\app\\Views\\anime\\detail.php', 7)
 2 SYSTEMPATH\View\View.php(224): include('C:\\Users\\Acer\\Documents\\perkUIiahan\\Archives\\CodeIgniter4\\codeigniter4-projectWeb\\app\\Views\\anime\\detail.php')
 3 SYSTEMPATH\View\View.php(227): CodeIgniter\View\View->CodeIgniter\View\{closure}()
 4 SYSTEMPATH\Common.php(1176): CodeIgniter\View\View->render('anime/detail', [], true)
 5 APPPATH\Controllers\Anime.php(51): view('anime/detail', [...])
 6 SYSTEMPATH\CodeIgniter.php(932): App\Controllers\Anime->detail('null')
 7 SYSTEMPATH\CodeIgniter.php(497): CodeIgniter\CodeIgniter->runController(Object(App\Controllers\Anime))
 8 SYSTEMPATH\CodeIgniter.php(366): CodeIgniter\CodeIgniter->handleRequest(null, Object(Config\Cache), false)
 9 FCPATH\index.php(67): CodeIgniter\CodeIgniter->run()
10 SYSTEMPATH\Commands\Server\rewrite.php(47): require_once('C:\\Users\\Acer\\Documents\\perkUIiahan\\Archives\\CodeIgniter4\\codeigniter4-projectWeb\\public\\index.php')
CRITICAL - 2023-08-07 06:46:01 --> Undefined variable $animeM
in APPPATH\Views\anime\detail.php on line 7.
 1 APPPATH\Views\anime\detail.php(7): CodeIgniter\Debug\Exceptions->errorHandler(2, 'Undefined variable $animeM', 'C:\\Users\\Acer\\Documents\\perkUIiahan\\Archives\\CodeIgniter4\\codeigniter4-projectWeb\\app\\Views\\anime\\detail.php', 7)
 2 SYSTEMPATH\View\View.php(224): include('C:\\Users\\Acer\\Documents\\perkUIiahan\\Archives\\CodeIgniter4\\codeigniter4-projectWeb\\app\\Views\\anime\\detail.php')
 3 SYSTEMPATH\View\View.php(227): CodeIgniter\View\View->CodeIgniter\View\{closure}()
 4 SYSTEMPATH\Common.php(1176): CodeIgniter\View\View->render('anime/detail', [], true)
 5 APPPATH\Controllers\Anime.php(51): view('anime/detail', [...])
 6 SYSTEMPATH\CodeIgniter.php(932): App\Controllers\Anime->detail('list')
 7 SYSTEMPATH\CodeIgniter.php(497): CodeIgniter\CodeIgniter->runController(Object(App\Controllers\Anime))
 8 SYSTEMPATH\CodeIgniter.php(366): CodeIgniter\CodeIgniter->handleRequest(null, Object(Config\Cache), false)
 9 FCPATH\index.php(67): CodeIgniter\CodeIgniter->run()
10 SYSTEMPATH\Commands\Server\rewrite.php(47): require_once('C:\\Users\\Acer\\Documents\\perkUIiahan\\Archives\\CodeIgniter4\\codeigniter4-projectWeb\\public\\index.php')
CRITICAL - 2023-08-07 06:46:12 --> Trying to access array offset on value of type null
in APPPATH\Views\anime\detail.php on line 7.
 1 APPPATH\Views\anime\detail.php(7): CodeIgniter\Debug\Exceptions->errorHandler(2, 'Trying to access array offset on value of type null', 'C:\\Users\\Acer\\Documents\\perkUIiahan\\Archives\\CodeIgniter4\\codeigniter4-projectWeb\\app\\Views\\anime\\detail.php', 7)
 2 SYSTEMPATH\View\View.php(224): include('C:\\Users\\Acer\\Documents\\perkUIiahan\\Archives\\CodeIgniter4\\codeigniter4-projectWeb\\app\\Views\\anime\\detail.php')
 3 SYSTEMPATH\View\View.php(227): CodeIgniter\View\View->CodeIgniter\View\{closure}()
 4 SYSTEMPATH\Common.php(1176): CodeIgniter\View\View->render('anime/detail', [], true)
 5 APPPATH\Controllers\Anime.php(51): view('anime/detail', [...])
 6 SYSTEMPATH\CodeIgniter.php(932): App\Controllers\Anime->detail('list')
 7 SYSTEMPATH\CodeIgniter.php(497): CodeIgniter\CodeIgniter->runController(Object(App\Controllers\Anime))
 8 SYSTEMPATH\CodeIgniter.php(366): CodeIgniter\CodeIgniter->handleRequest(null, Object(Config\Cache), false)
 9 FCPATH\index.php(67): CodeIgniter\CodeIgniter->run()
10 SYSTEMPATH\Commands\Server\rewrite.php(47): require_once('C:\\Users\\Acer\\Documents\\perkUIiahan\\Archives\\CodeIgniter4\\codeigniter4-projectWeb\\public\\index.php')
CRITICAL - 2023-08-07 06:48:40 --> Trying to access array offset on value of type null
in APPPATH\Views\anime\detail.php on line 7.
 1 APPPATH\Views\anime\detail.php(7): CodeIgniter\Debug\Exceptions->errorHandler(2, 'Trying to access array offset on value of type null', 'C:\\Users\\Acer\\Documents\\perkUIiahan\\Archives\\CodeIgniter4\\codeigniter4-projectWeb\\app\\Views\\anime\\detail.php', 7)
 2 SYSTEMPATH\View\View.php(224): include('C:\\Users\\Acer\\Documents\\perkUIiahan\\Archives\\CodeIgniter4\\codeigniter4-projectWeb\\app\\Views\\anime\\detail.php')
 3 SYSTEMPATH\View\View.php(227): CodeIgniter\View\View->CodeIgniter\View\{closure}()
 4 SYSTEMPATH\Common.php(1176): CodeIgniter\View\View->render('anime/detail', [], true)
 5 APPPATH\Controllers\Anime.php(51): view('anime/detail', [...])
 6 SYSTEMPATH\CodeIgniter.php(932): App\Controllers\Anime->detail('list')
 7 SYSTEMPATH\CodeIgniter.php(497): CodeIgniter\CodeIgniter->runController(Object(App\Controllers\Anime))
 8 SYSTEMPATH\CodeIgniter.php(366): CodeIgniter\CodeIgniter->handleRequest(null, Object(Config\Cache), false)
 9 FCPATH\index.php(67): CodeIgniter\CodeIgniter->run()
10 SYSTEMPATH\Commands\Server\rewrite.php(47): require_once('C:\\Users\\Acer\\Documents\\perkUIiahan\\Archives\\CodeIgniter4\\codeigniter4-projectWeb\\public\\index.php')
CRITICAL - 2023-08-07 06:48:41 --> Trying to access array offset on value of type null
in APPPATH\Views\anime\detail.php on line 7.
 1 APPPATH\Views\anime\detail.php(7): CodeIgniter\Debug\Exceptions->errorHandler(2, 'Trying to access array offset on value of type null', 'C:\\Users\\Acer\\Documents\\perkUIiahan\\Archives\\CodeIgniter4\\codeigniter4-projectWeb\\app\\Views\\anime\\detail.php', 7)
 2 SYSTEMPATH\View\View.php(224): include('C:\\Users\\Acer\\Documents\\perkUIiahan\\Archives\\CodeIgniter4\\codeigniter4-projectWeb\\app\\Views\\anime\\detail.php')
 3 SYSTEMPATH\View\View.php(227): CodeIgniter\View\View->CodeIgniter\View\{closure}()
 4 SYSTEMPATH\Common.php(1176): CodeIgniter\View\View->render('anime/detail', [], true)
 5 APPPATH\Controllers\Anime.php(51): view('anime/detail', [...])
 6 SYSTEMPATH\CodeIgniter.php(932): App\Controllers\Anime->detail('list')
 7 SYSTEMPATH\CodeIgniter.php(497): CodeIgniter\CodeIgniter->runController(Object(App\Controllers\Anime))
 8 SYSTEMPATH\CodeIgniter.php(366): CodeIgniter\CodeIgniter->handleRequest(null, Object(Config\Cache), false)
 9 FCPATH\index.php(67): CodeIgniter\CodeIgniter->run()
10 SYSTEMPATH\Commands\Server\rewrite.php(47): require_once('C:\\Users\\Acer\\Documents\\perkUIiahan\\Archives\\CodeIgniter4\\codeigniter4-projectWeb\\public\\index.php')
CRITICAL - 2023-08-07 06:52:08 --> Array to string conversion
in APPPATH\Views\anime\detail.php on line 15.
 1 APPPATH\Views\anime\detail.php(15): CodeIgniter\Debug\Exceptions->errorHandler(2, 'Array to string conversion', 'C:\\Users\\Acer\\Documents\\perkUIiahan\\Archives\\CodeIgniter4\\codeigniter4-projectWeb\\app\\Views\\anime\\detail.php', 15)
 2 SYSTEMPATH\View\View.php(224): include('C:\\Users\\Acer\\Documents\\perkUIiahan\\Archives\\CodeIgniter4\\codeigniter4-projectWeb\\app\\Views\\anime\\detail.php')
 3 SYSTEMPATH\View\View.php(227): CodeIgniter\View\View->CodeIgniter\View\{closure}()
 4 SYSTEMPATH\Common.php(1176): CodeIgniter\View\View->render('anime/detail', [], true)
 5 APPPATH\Controllers\Anime.php(51): view('anime/detail', [...])
 6 SYSTEMPATH\CodeIgniter.php(932): App\Controllers\Anime->detail('violet-evergarden')
 7 SYSTEMPATH\CodeIgniter.php(497): CodeIgniter\CodeIgniter->runController(Object(App\Controllers\Anime))
 8 SYSTEMPATH\CodeIgniter.php(366): CodeIgniter\CodeIgniter->handleRequest(null, Object(Config\Cache), false)
 9 FCPATH\index.php(67): CodeIgniter\CodeIgniter->run()
10 SYSTEMPATH\Commands\Server\rewrite.php(47): require_once('C:\\Users\\Acer\\Documents\\perkUIiahan\\Archives\\CodeIgniter4\\codeigniter4-projectWeb\\public\\index.php')
CRITICAL - 2023-08-07 06:55:46 --> Trying to access array offset on value of type null
in APPPATH\Views\anime\detail.php on line 11.
 1 APPPATH\Views\anime\detail.php(11): CodeIgniter\Debug\Exceptions->errorHandler(2, 'Trying to access array offset on value of type null', 'C:\\Users\\Acer\\Documents\\perkUIiahan\\Archives\\CodeIgniter4\\codeigniter4-projectWeb\\app\\Views\\anime\\detail.php', 11)
 2 SYSTEMPATH\View\View.php(224): include('C:\\Users\\Acer\\Documents\\perkUIiahan\\Archives\\CodeIgniter4\\codeigniter4-projectWeb\\app\\Views\\anime\\detail.php')
 3 SYSTEMPATH\View\View.php(227): CodeIgniter\View\View->CodeIgniter\View\{closure}()
 4 SYSTEMPATH\Common.php(1176): CodeIgniter\View\View->render('anime/detail', [], true)
 5 APPPATH\Controllers\Anime.php(51): view('anime/detail', [...])
 6 SYSTEMPATH\CodeIgniter.php(932): App\Controllers\Anime->detail('list')
 7 SYSTEMPATH\CodeIgniter.php(497): CodeIgniter\CodeIgniter->runController(Object(App\Controllers\Anime))
 8 SYSTEMPATH\CodeIgniter.php(366): CodeIgniter\CodeIgniter->handleRequest(null, Object(Config\Cache), false)
 9 FCPATH\index.php(67): CodeIgniter\CodeIgniter->run()
10 SYSTEMPATH\Commands\Server\rewrite.php(47): require_once('C:\\Users\\Acer\\Documents\\perkUIiahan\\Archives\\CodeIgniter4\\codeigniter4-projectWeb\\public\\index.php')
CRITICAL - 2023-08-07 06:56:40 --> Trying to access array offset on value of type null
in APPPATH\Views\anime\detail.php on line 10.
 1 APPPATH\Views\anime\detail.php(10): CodeIgniter\Debug\Exceptions->errorHandler(2, 'Trying to access array offset on value of type null', 'C:\\Users\\Acer\\Documents\\perkUIiahan\\Archives\\CodeIgniter4\\codeigniter4-projectWeb\\app\\Views\\anime\\detail.php', 10)
 2 SYSTEMPATH\View\View.php(224): include('C:\\Users\\Acer\\Documents\\perkUIiahan\\Archives\\CodeIgniter4\\codeigniter4-projectWeb\\app\\Views\\anime\\detail.php')
 3 SYSTEMPATH\View\View.php(227): CodeIgniter\View\View->CodeIgniter\View\{closure}()
 4 SYSTEMPATH\Common.php(1176): CodeIgniter\View\View->render('anime/detail', [], true)
 5 APPPATH\Controllers\Anime.php(51): view('anime/detail', [...])
 6 SYSTEMPATH\CodeIgniter.php(932): App\Controllers\Anime->detail('list')
 7 SYSTEMPATH\CodeIgniter.php(497): CodeIgniter\CodeIgniter->runController(Object(App\Controllers\Anime))
 8 SYSTEMPATH\CodeIgniter.php(366): CodeIgniter\CodeIgniter->handleRequest(null, Object(Config\Cache), false)
 9 FCPATH\index.php(67): CodeIgniter\CodeIgniter->run()
10 SYSTEMPATH\Commands\Server\rewrite.php(47): require_once('C:\\Users\\Acer\\Documents\\perkUIiahan\\Archives\\CodeIgniter4\\codeigniter4-projectWeb\\public\\index.php')
CRITICAL - 2023-08-07 06:57:18 --> Trying to access array offset on value of type null
in APPPATH\Views\anime\detail.php on line 10.
 1 APPPATH\Views\anime\detail.php(10): CodeIgniter\Debug\Exceptions->errorHandler(2, 'Trying to access array offset on value of type null', 'C:\\Users\\Acer\\Documents\\perkUIiahan\\Archives\\CodeIgniter4\\codeigniter4-projectWeb\\app\\Views\\anime\\detail.php', 10)
 2 SYSTEMPATH\View\View.php(224): include('C:\\Users\\Acer\\Documents\\perkUIiahan\\Archives\\CodeIgniter4\\codeigniter4-projectWeb\\app\\Views\\anime\\detail.php')
 3 SYSTEMPATH\View\View.php(227): CodeIgniter\View\View->CodeIgniter\View\{closure}()
 4 SYSTEMPATH\Common.php(1176): CodeIgniter\View\View->render('anime/detail', [], true)
 5 APPPATH\Controllers\Anime.php(51): view('anime/detail', [...])
 6 SYSTEMPATH\CodeIgniter.php(932): App\Controllers\Anime->detail('list')
 7 SYSTEMPATH\CodeIgniter.php(497): CodeIgniter\CodeIgniter->runController(Object(App\Controllers\Anime))
 8 SYSTEMPATH\CodeIgniter.php(366): CodeIgniter\CodeIgniter->handleRequest(null, Object(Config\Cache), false)
 9 FCPATH\index.php(67): CodeIgniter\CodeIgniter->run()
10 SYSTEMPATH\Commands\Server\rewrite.php(47): require_once('C:\\Users\\Acer\\Documents\\perkUIiahan\\Archives\\CodeIgniter4\\codeigniter4-projectWeb\\public\\index.php')
CRITICAL - 2023-08-07 06:57:21 --> Trying to access array offset on value of type null
in APPPATH\Views\anime\detail.php on line 10.
 1 APPPATH\Views\anime\detail.php(10): CodeIgniter\Debug\Exceptions->errorHandler(2, 'Trying to access array offset on value of type null', 'C:\\Users\\Acer\\Documents\\perkUIiahan\\Archives\\CodeIgniter4\\codeigniter4-projectWeb\\app\\Views\\anime\\detail.php', 10)
 2 SYSTEMPATH\View\View.php(224): include('C:\\Users\\Acer\\Documents\\perkUIiahan\\Archives\\CodeIgniter4\\codeigniter4-projectWeb\\app\\Views\\anime\\detail.php')
 3 SYSTEMPATH\View\View.php(227): CodeIgniter\View\View->CodeIgniter\View\{closure}()
 4 SYSTEMPATH\Common.php(1176): CodeIgniter\View\View->render('anime/detail', [], true)
 5 APPPATH\Controllers\Anime.php(51): view('anime/detail', [...])
 6 SYSTEMPATH\CodeIgniter.php(932): App\Controllers\Anime->detail('list')
 7 SYSTEMPATH\CodeIgniter.php(497): CodeIgniter\CodeIgniter->runController(Object(App\Controllers\Anime))
 8 SYSTEMPATH\CodeIgniter.php(366): CodeIgniter\CodeIgniter->handleRequest(null, Object(Config\Cache), false)
 9 FCPATH\index.php(67): CodeIgniter\CodeIgniter->run()
10 SYSTEMPATH\Commands\Server\rewrite.php(47): require_once('C:\\Users\\Acer\\Documents\\perkUIiahan\\Archives\\CodeIgniter4\\codeigniter4-projectWeb\\public\\index.php')
CRITICAL - 2023-08-07 07:00:57 --> Trying to access array offset on value of type null
in APPPATH\Views\anime\detail.php on line 11.
 1 APPPATH\Views\anime\detail.php(11): CodeIgniter\Debug\Exceptions->errorHandler(2, 'Trying to access array offset on value of type null', 'C:\\Users\\Acer\\Documents\\perkUIiahan\\Archives\\CodeIgniter4\\codeigniter4-projectWeb\\app\\Views\\anime\\detail.php', 11)
 2 SYSTEMPATH\View\View.php(224): include('C:\\Users\\Acer\\Documents\\perkUIiahan\\Archives\\CodeIgniter4\\codeigniter4-projectWeb\\app\\Views\\anime\\detail.php')
 3 SYSTEMPATH\View\View.php(227): CodeIgniter\View\View->CodeIgniter\View\{closure}()
 4 SYSTEMPATH\Common.php(1176): CodeIgniter\View\View->render('anime/detail', [], true)
 5 APPPATH\Controllers\Anime.php(51): view('anime/detail', [...])
 6 SYSTEMPATH\CodeIgniter.php(932): App\Controllers\Anime->detail('list')
 7 SYSTEMPATH\CodeIgniter.php(497): CodeIgniter\CodeIgniter->runController(Object(App\Controllers\Anime))
 8 SYSTEMPATH\CodeIgniter.php(366): CodeIgniter\CodeIgniter->handleRequest(null, Object(Config\Cache), false)
 9 FCPATH\index.php(67): CodeIgniter\CodeIgniter->run()
10 SYSTEMPATH\Commands\Server\rewrite.php(47): require_once('C:\\Users\\Acer\\Documents\\perkUIiahan\\Archives\\CodeIgniter4\\codeigniter4-projectWeb\\public\\index.php')
CRITICAL - 2023-08-07 07:01:24 --> Trying to access array offset on value of type null
in APPPATH\Views\anime\detail.php on line 11.
 1 APPPATH\Views\anime\detail.php(11): CodeIgniter\Debug\Exceptions->errorHandler(2, 'Trying to access array offset on value of type null', 'C:\\Users\\Acer\\Documents\\perkUIiahan\\Archives\\CodeIgniter4\\codeigniter4-projectWeb\\app\\Views\\anime\\detail.php', 11)
 2 SYSTEMPATH\View\View.php(224): include('C:\\Users\\Acer\\Documents\\perkUIiahan\\Archives\\CodeIgniter4\\codeigniter4-projectWeb\\app\\Views\\anime\\detail.php')
 3 SYSTEMPATH\View\View.php(227): CodeIgniter\View\View->CodeIgniter\View\{closure}()
 4 SYSTEMPATH\Common.php(1176): CodeIgniter\View\View->render('anime/detail', [], true)
 5 APPPATH\Controllers\Anime.php(51): view('anime/detail', [...])
 6 SYSTEMPATH\CodeIgniter.php(932): App\Controllers\Anime->detail('list')
 7 SYSTEMPATH\CodeIgniter.php(497): CodeIgniter\CodeIgniter->runController(Object(App\Controllers\Anime))
 8 SYSTEMPATH\CodeIgniter.php(366): CodeIgniter\CodeIgniter->handleRequest(null, Object(Config\Cache), false)
 9 FCPATH\index.php(67): CodeIgniter\CodeIgniter->run()
10 SYSTEMPATH\Commands\Server\rewrite.php(47): require_once('C:\\Users\\Acer\\Documents\\perkUIiahan\\Archives\\CodeIgniter4\\codeigniter4-projectWeb\\public\\index.php')
CRITICAL - 2023-08-07 07:01:46 --> Trying to access array offset on value of type null
in APPPATH\Views\anime\detail.php on line 11.
 1 APPPATH\Views\anime\detail.php(11): CodeIgniter\Debug\Exceptions->errorHandler(2, 'Trying to access array offset on value of type null', 'C:\\Users\\Acer\\Documents\\perkUIiahan\\Archives\\CodeIgniter4\\codeigniter4-projectWeb\\app\\Views\\anime\\detail.php', 11)
 2 SYSTEMPATH\View\View.php(224): include('C:\\Users\\Acer\\Documents\\perkUIiahan\\Archives\\CodeIgniter4\\codeigniter4-projectWeb\\app\\Views\\anime\\detail.php')
 3 SYSTEMPATH\View\View.php(227): CodeIgniter\View\View->CodeIgniter\View\{closure}()
 4 SYSTEMPATH\Common.php(1176): CodeIgniter\View\View->render('anime/detail', [], true)
 5 APPPATH\Controllers\Anime.php(51): view('anime/detail', [...])
 6 SYSTEMPATH\CodeIgniter.php(932): App\Controllers\Anime->detail('list')
 7 SYSTEMPATH\CodeIgniter.php(497): CodeIgniter\CodeIgniter->runController(Object(App\Controllers\Anime))
 8 SYSTEMPATH\CodeIgniter.php(366): CodeIgniter\CodeIgniter->handleRequest(null, Object(Config\Cache), false)
 9 FCPATH\index.php(67): CodeIgniter\CodeIgniter->run()
10 SYSTEMPATH\Commands\Server\rewrite.php(47): require_once('C:\\Users\\Acer\\Documents\\perkUIiahan\\Archives\\CodeIgniter4\\codeigniter4-projectWeb\\public\\index.php')
CRITICAL - 2023-08-07 07:02:08 --> Trying to access array offset on value of type null
in APPPATH\Views\anime\detail.php on line 11.
 1 APPPATH\Views\anime\detail.php(11): CodeIgniter\Debug\Exceptions->errorHandler(2, 'Trying to access array offset on value of type null', 'C:\\Users\\Acer\\Documents\\perkUIiahan\\Archives\\CodeIgniter4\\codeigniter4-projectWeb\\app\\Views\\anime\\detail.php', 11)
 2 SYSTEMPATH\View\View.php(224): include('C:\\Users\\Acer\\Documents\\perkUIiahan\\Archives\\CodeIgniter4\\codeigniter4-projectWeb\\app\\Views\\anime\\detail.php')
 3 SYSTEMPATH\View\View.php(227): CodeIgniter\View\View->CodeIgniter\View\{closure}()
 4 SYSTEMPATH\Common.php(1176): CodeIgniter\View\View->render('anime/detail', [], true)
 5 APPPATH\Controllers\Anime.php(51): view('anime/detail', [...])
 6 SYSTEMPATH\CodeIgniter.php(932): App\Controllers\Anime->detail('list')
 7 SYSTEMPATH\CodeIgniter.php(497): CodeIgniter\CodeIgniter->runController(Object(App\Controllers\Anime))
 8 SYSTEMPATH\CodeIgniter.php(366): CodeIgniter\CodeIgniter->handleRequest(null, Object(Config\Cache), false)
 9 FCPATH\index.php(67): CodeIgniter\CodeIgniter->run()
10 SYSTEMPATH\Commands\Server\rewrite.php(47): require_once('C:\\Users\\Acer\\Documents\\perkUIiahan\\Archives\\CodeIgniter4\\codeigniter4-projectWeb\\public\\index.php')
CRITICAL - 2023-08-07 07:02:15 --> Trying to access array offset on value of type null
in APPPATH\Views\anime\detail.php on line 11.
 1 APPPATH\Views\anime\detail.php(11): CodeIgniter\Debug\Exceptions->errorHandler(2, 'Trying to access array offset on value of type null', 'C:\\Users\\Acer\\Documents\\perkUIiahan\\Archives\\CodeIgniter4\\codeigniter4-projectWeb\\app\\Views\\anime\\detail.php', 11)
 2 SYSTEMPATH\View\View.php(224): include('C:\\Users\\Acer\\Documents\\perkUIiahan\\Archives\\CodeIgniter4\\codeigniter4-projectWeb\\app\\Views\\anime\\detail.php')
 3 SYSTEMPATH\View\View.php(227): CodeIgniter\View\View->CodeIgniter\View\{closure}()
 4 SYSTEMPATH\Common.php(1176): CodeIgniter\View\View->render('anime/detail', [], true)
 5 APPPATH\Controllers\Anime.php(51): view('anime/detail', [...])
 6 SYSTEMPATH\CodeIgniter.php(932): App\Controllers\Anime->detail('about')
 7 SYSTEMPATH\CodeIgniter.php(497): CodeIgniter\CodeIgniter->runController(Object(App\Controllers\Anime))
 8 SYSTEMPATH\CodeIgniter.php(366): CodeIgniter\CodeIgniter->handleRequest(null, Object(Config\Cache), false)
 9 FCPATH\index.php(67): CodeIgniter\CodeIgniter->run()
10 SYSTEMPATH\Commands\Server\rewrite.php(47): require_once('C:\\Users\\Acer\\Documents\\perkUIiahan\\Archives\\CodeIgniter4\\codeigniter4-projectWeb\\public\\index.php')
CRITICAL - 2023-08-07 07:03:20 --> Trying to access array offset on value of type null
in APPPATH\Views\anime\detail.php on line 11.
 1 APPPATH\Views\anime\detail.php(11): CodeIgniter\Debug\Exceptions->errorHandler(2, 'Trying to access array offset on value of type null', 'C:\\Users\\Acer\\Documents\\perkUIiahan\\Archives\\CodeIgniter4\\codeigniter4-projectWeb\\app\\Views\\anime\\detail.php', 11)
 2 SYSTEMPATH\View\View.php(224): include('C:\\Users\\Acer\\Documents\\perkUIiahan\\Archives\\CodeIgniter4\\codeigniter4-projectWeb\\app\\Views\\anime\\detail.php')
 3 SYSTEMPATH\View\View.php(227): CodeIgniter\View\View->CodeIgniter\View\{closure}()
 4 SYSTEMPATH\Common.php(1176): CodeIgniter\View\View->render('anime/detail', [], true)
 5 APPPATH\Controllers\Anime.php(51): view('anime/detail', [...])
 6 SYSTEMPATH\CodeIgniter.php(932): App\Controllers\Anime->detail('index')
 7 SYSTEMPATH\CodeIgniter.php(497): CodeIgniter\CodeIgniter->runController(Object(App\Controllers\Anime))
 8 SYSTEMPATH\CodeIgniter.php(366): CodeIgniter\CodeIgniter->handleRequest(null, Object(Config\Cache), false)
 9 FCPATH\index.php(67): CodeIgniter\CodeIgniter->run()
10 SYSTEMPATH\Commands\Server\rewrite.php(47): require_once('C:\\Users\\Acer\\Documents\\perkUIiahan\\Archives\\CodeIgniter4\\codeigniter4-projectWeb\\public\\index.php')
CRITICAL - 2023-08-07 07:05:47 --> Trying to access array offset on value of type null
in APPPATH\Views\anime\detail.php on line 11.
 1 APPPATH\Views\anime\detail.php(11): CodeIgniter\Debug\Exceptions->errorHandler(2, 'Trying to access array offset on value of type null', 'C:\\Users\\Acer\\Documents\\perkUIiahan\\Archives\\CodeIgniter4\\codeigniter4-projectWeb\\app\\Views\\anime\\detail.php', 11)
 2 SYSTEMPATH\View\View.php(224): include('C:\\Users\\Acer\\Documents\\perkUIiahan\\Archives\\CodeIgniter4\\codeigniter4-projectWeb\\app\\Views\\anime\\detail.php')
 3 SYSTEMPATH\View\View.php(227): CodeIgniter\View\View->CodeIgniter\View\{closure}()
 4 SYSTEMPATH\Common.php(1176): CodeIgniter\View\View->render('anime/detail', [], true)
 5 APPPATH\Controllers\Anime.php(57): view('anime/detail', [...])
 6 SYSTEMPATH\CodeIgniter.php(932): App\Controllers\Anime->detail('about')
 7 SYSTEMPATH\CodeIgniter.php(497): CodeIgniter\CodeIgniter->runController(Object(App\Controllers\Anime))
 8 SYSTEMPATH\CodeIgniter.php(366): CodeIgniter\CodeIgniter->handleRequest(null, Object(Config\Cache), false)
 9 FCPATH\index.php(67): CodeIgniter\CodeIgniter->run()
10 SYSTEMPATH\Commands\Server\rewrite.php(47): require_once('C:\\Users\\Acer\\Documents\\perkUIiahan\\Archives\\CodeIgniter4\\codeigniter4-projectWeb\\public\\index.php')
CRITICAL - 2023-08-07 07:06:12 --> Trying to access array offset on value of type null
in APPPATH\Views\anime\detail.php on line 11.
 1 APPPATH\Views\anime\detail.php(11): CodeIgniter\Debug\Exceptions->errorHandler(2, 'Trying to access array offset on value of type null', 'C:\\Users\\Acer\\Documents\\perkUIiahan\\Archives\\CodeIgniter4\\codeigniter4-projectWeb\\app\\Views\\anime\\detail.php', 11)
 2 SYSTEMPATH\View\View.php(224): include('C:\\Users\\Acer\\Documents\\perkUIiahan\\Archives\\CodeIgniter4\\codeigniter4-projectWeb\\app\\Views\\anime\\detail.php')
 3 SYSTEMPATH\View\View.php(227): CodeIgniter\View\View->CodeIgniter\View\{closure}()
 4 SYSTEMPATH\Common.php(1176): CodeIgniter\View\View->render('anime/detail', [], true)
 5 APPPATH\Controllers\Anime.php(57): view('anime/detail', [...])
 6 SYSTEMPATH\CodeIgniter.php(932): App\Controllers\Anime->detail('list')
 7 SYSTEMPATH\CodeIgniter.php(497): CodeIgniter\CodeIgniter->runController(Object(App\Controllers\Anime))
 8 SYSTEMPATH\CodeIgniter.php(366): CodeIgniter\CodeIgniter->handleRequest(null, Object(Config\Cache), false)
 9 FCPATH\index.php(67): CodeIgniter\CodeIgniter->run()
10 SYSTEMPATH\Commands\Server\rewrite.php(47): require_once('C:\\Users\\Acer\\Documents\\perkUIiahan\\Archives\\CodeIgniter4\\codeigniter4-projectWeb\\public\\index.php')
CRITICAL - 2023-08-07 07:07:26 --> Trying to access array offset on value of type null
in APPPATH\Views\anime\detail.php on line 11.
 1 APPPATH\Views\anime\detail.php(11): CodeIgniter\Debug\Exceptions->errorHandler(2, 'Trying to access array offset on value of type null', 'C:\\Users\\Acer\\Documents\\perkUIiahan\\Archives\\CodeIgniter4\\codeigniter4-projectWeb\\app\\Views\\anime\\detail.php', 11)
 2 SYSTEMPATH\View\View.php(224): include('C:\\Users\\Acer\\Documents\\perkUIiahan\\Archives\\CodeIgniter4\\codeigniter4-projectWeb\\app\\Views\\anime\\detail.php')
 3 SYSTEMPATH\View\View.php(227): CodeIgniter\View\View->CodeIgniter\View\{closure}()
 4 SYSTEMPATH\Common.php(1176): CodeIgniter\View\View->render('anime/detail', [], true)
 5 APPPATH\Controllers\Anime.php(57): view('anime/detail', [...])
 6 SYSTEMPATH\CodeIgniter.php(932): App\Controllers\Anime->detail('list')
 7 SYSTEMPATH\CodeIgniter.php(497): CodeIgniter\CodeIgniter->runController(Object(App\Controllers\Anime))
 8 SYSTEMPATH\CodeIgniter.php(366): CodeIgniter\CodeIgniter->handleRequest(null, Object(Config\Cache), false)
 9 FCPATH\index.php(67): CodeIgniter\CodeIgniter->run()
10 SYSTEMPATH\Commands\Server\rewrite.php(47): require_once('C:\\Users\\Acer\\Documents\\perkUIiahan\\Archives\\CodeIgniter4\\codeigniter4-projectWeb\\public\\index.php')
CRITICAL - 2023-08-07 07:07:29 --> Trying to access array offset on value of type null
in APPPATH\Views\anime\detail.php on line 11.
 1 APPPATH\Views\anime\detail.php(11): CodeIgniter\Debug\Exceptions->errorHandler(2, 'Trying to access array offset on value of type null', 'C:\\Users\\Acer\\Documents\\perkUIiahan\\Archives\\CodeIgniter4\\codeigniter4-projectWeb\\app\\Views\\anime\\detail.php', 11)
 2 SYSTEMPATH\View\View.php(224): include('C:\\Users\\Acer\\Documents\\perkUIiahan\\Archives\\CodeIgniter4\\codeigniter4-projectWeb\\app\\Views\\anime\\detail.php')
 3 SYSTEMPATH\View\View.php(227): CodeIgniter\View\View->CodeIgniter\View\{closure}()
 4 SYSTEMPATH\Common.php(1176): CodeIgniter\View\View->render('anime/detail', [], true)
 5 APPPATH\Controllers\Anime.php(57): view('anime/detail', [...])
 6 SYSTEMPATH\CodeIgniter.php(932): App\Controllers\Anime->detail('about')
 7 SYSTEMPATH\CodeIgniter.php(497): CodeIgniter\CodeIgniter->runController(Object(App\Controllers\Anime))
 8 SYSTEMPATH\CodeIgniter.php(366): CodeIgniter\CodeIgniter->handleRequest(null, Object(Config\Cache), false)
 9 FCPATH\index.php(67): CodeIgniter\CodeIgniter->run()
10 SYSTEMPATH\Commands\Server\rewrite.php(47): require_once('C:\\Users\\Acer\\Documents\\perkUIiahan\\Archives\\CodeIgniter4\\codeigniter4-projectWeb\\public\\index.php')
CRITICAL - 2023-08-07 07:08:23 --> Trying to access array offset on value of type null
in APPPATH\Views\anime\detail.php on line 11.
 1 APPPATH\Views\anime\detail.php(11): CodeIgniter\Debug\Exceptions->errorHandler(2, 'Trying to access array offset on value of type null', 'C:\\Users\\Acer\\Documents\\perkUIiahan\\Archives\\CodeIgniter4\\codeigniter4-projectWeb\\app\\Views\\anime\\detail.php', 11)
 2 SYSTEMPATH\View\View.php(224): include('C:\\Users\\Acer\\Documents\\perkUIiahan\\Archives\\CodeIgniter4\\codeigniter4-projectWeb\\app\\Views\\anime\\detail.php')
 3 SYSTEMPATH\View\View.php(227): CodeIgniter\View\View->CodeIgniter\View\{closure}()
 4 SYSTEMPATH\Common.php(1176): CodeIgniter\View\View->render('anime/detail', [], true)
 5 APPPATH\Controllers\Anime.php(57): view('anime/detail', [...])
 6 SYSTEMPATH\CodeIgniter.php(932): App\Controllers\Anime->detail('about')
 7 SYSTEMPATH\CodeIgniter.php(497): CodeIgniter\CodeIgniter->runController(Object(App\Controllers\Anime))
 8 SYSTEMPATH\CodeIgniter.php(366): CodeIgniter\CodeIgniter->handleRequest(null, Object(Config\Cache), false)
 9 FCPATH\index.php(67): CodeIgniter\CodeIgniter->run()
10 SYSTEMPATH\Commands\Server\rewrite.php(47): require_once('C:\\Users\\Acer\\Documents\\perkUIiahan\\Archives\\CodeIgniter4\\codeigniter4-projectWeb\\public\\index.php')
CRITICAL - 2023-08-07 07:12:50 --> Trying to access array offset on value of type null
in APPPATH\Views\anime\detail.php on line 11.
 1 APPPATH\Views\anime\detail.php(11): CodeIgniter\Debug\Exceptions->errorHandler(2, 'Trying to access array offset on value of type null', 'C:\\Users\\Acer\\Documents\\perkUIiahan\\Archives\\CodeIgniter4\\codeigniter4-projectWeb\\app\\Views\\anime\\detail.php', 11)
 2 SYSTEMPATH\View\View.php(224): include('C:\\Users\\Acer\\Documents\\perkUIiahan\\Archives\\CodeIgniter4\\codeigniter4-projectWeb\\app\\Views\\anime\\detail.php')
 3 SYSTEMPATH\View\View.php(227): CodeIgniter\View\View->CodeIgniter\View\{closure}()
 4 SYSTEMPATH\Common.php(1176): CodeIgniter\View\View->render('anime/detail', [], true)
 5 APPPATH\Controllers\Anime.php(57): view('anime/detail', [...])
 6 SYSTEMPATH\CodeIgniter.php(932): App\Controllers\Anime->detail('about')
 7 SYSTEMPATH\CodeIgniter.php(497): CodeIgniter\CodeIgniter->runController(Object(App\Controllers\Anime))
 8 SYSTEMPATH\CodeIgniter.php(366): CodeIgniter\CodeIgniter->handleRequest(null, Object(Config\Cache), false)
 9 FCPATH\index.php(67): CodeIgniter\CodeIgniter->run()
10 SYSTEMPATH\Commands\Server\rewrite.php(47): require_once('C:\\Users\\Acer\\Documents\\perkUIiahan\\Archives\\CodeIgniter4\\codeigniter4-projectWeb\\public\\index.php')
CRITICAL - 2023-08-07 07:15:37 --> Trying to access array offset on value of type null
in APPPATH\Views\anime\detail.php on line 11.
 1 APPPATH\Views\anime\detail.php(11): CodeIgniter\Debug\Exceptions->errorHandler(2, 'Trying to access array offset on value of type null', 'C:\\Users\\Acer\\Documents\\perkUIiahan\\Archives\\CodeIgniter4\\codeigniter4-projectWeb\\app\\Views\\anime\\detail.php', 11)
 2 SYSTEMPATH\View\View.php(224): include('C:\\Users\\Acer\\Documents\\perkUIiahan\\Archives\\CodeIgniter4\\codeigniter4-projectWeb\\app\\Views\\anime\\detail.php')
 3 SYSTEMPATH\View\View.php(227): CodeIgniter\View\View->CodeIgniter\View\{closure}()
 4 SYSTEMPATH\Common.php(1176): CodeIgniter\View\View->render('anime/detail', [], true)
 5 APPPATH\Controllers\Anime.php(57): view('anime/detail', [...])
 6 SYSTEMPATH\CodeIgniter.php(932): App\Controllers\Anime->detail('list')
 7 SYSTEMPATH\CodeIgniter.php(497): CodeIgniter\CodeIgniter->runController(Object(App\Controllers\Anime))
 8 SYSTEMPATH\CodeIgniter.php(366): CodeIgniter\CodeIgniter->handleRequest(null, Object(Config\Cache), false)
 9 FCPATH\index.php(67): CodeIgniter\CodeIgniter->run()
10 SYSTEMPATH\Commands\Server\rewrite.php(47): require_once('C:\\Users\\Acer\\Documents\\perkUIiahan\\Archives\\CodeIgniter4\\codeigniter4-projectWeb\\public\\index.php')
CRITICAL - 2023-08-07 07:15:39 --> Trying to access array offset on value of type null
in APPPATH\Views\anime\detail.php on line 11.
 1 APPPATH\Views\anime\detail.php(11): CodeIgniter\Debug\Exceptions->errorHandler(2, 'Trying to access array offset on value of type null', 'C:\\Users\\Acer\\Documents\\perkUIiahan\\Archives\\CodeIgniter4\\codeigniter4-projectWeb\\app\\Views\\anime\\detail.php', 11)
 2 SYSTEMPATH\View\View.php(224): include('C:\\Users\\Acer\\Documents\\perkUIiahan\\Archives\\CodeIgniter4\\codeigniter4-projectWeb\\app\\Views\\anime\\detail.php')
 3 SYSTEMPATH\View\View.php(227): CodeIgniter\View\View->CodeIgniter\View\{closure}()
 4 SYSTEMPATH\Common.php(1176): CodeIgniter\View\View->render('anime/detail', [], true)
 5 APPPATH\Controllers\Anime.php(57): view('anime/detail', [...])
 6 SYSTEMPATH\CodeIgniter.php(932): App\Controllers\Anime->detail('list')
 7 SYSTEMPATH\CodeIgniter.php(497): CodeIgniter\CodeIgniter->runController(Object(App\Controllers\Anime))
 8 SYSTEMPATH\CodeIgniter.php(366): CodeIgniter\CodeIgniter->handleRequest(null, Object(Config\Cache), false)
 9 FCPATH\index.php(67): CodeIgniter\CodeIgniter->run()
10 SYSTEMPATH\Commands\Server\rewrite.php(47): require_once('C:\\Users\\Acer\\Documents\\perkUIiahan\\Archives\\CodeIgniter4\\codeigniter4-projectWeb\\public\\index.php')
CRITICAL - 2023-08-07 07:15:49 --> Trying to access array offset on value of type null
in APPPATH\Views\anime\detail.php on line 11.
 1 APPPATH\Views\anime\detail.php(11): CodeIgniter\Debug\Exceptions->errorHandler(2, 'Trying to access array offset on value of type null', 'C:\\Users\\Acer\\Documents\\perkUIiahan\\Archives\\CodeIgniter4\\codeigniter4-projectWeb\\app\\Views\\anime\\detail.php', 11)
 2 SYSTEMPATH\View\View.php(224): include('C:\\Users\\Acer\\Documents\\perkUIiahan\\Archives\\CodeIgniter4\\codeigniter4-projectWeb\\app\\Views\\anime\\detail.php')
 3 SYSTEMPATH\View\View.php(227): CodeIgniter\View\View->CodeIgniter\View\{closure}()
 4 SYSTEMPATH\Common.php(1176): CodeIgniter\View\View->render('anime/detail', [], true)
 5 APPPATH\Controllers\Anime.php(57): view('anime/detail', [...])
 6 SYSTEMPATH\CodeIgniter.php(932): App\Controllers\Anime->detail('list')
 7 SYSTEMPATH\CodeIgniter.php(497): CodeIgniter\CodeIgniter->runController(Object(App\Controllers\Anime))
 8 SYSTEMPATH\CodeIgniter.php(366): CodeIgniter\CodeIgniter->handleRequest(null, Object(Config\Cache), false)
 9 FCPATH\index.php(67): CodeIgniter\CodeIgniter->run()
10 SYSTEMPATH\Commands\Server\rewrite.php(47): require_once('C:\\Users\\Acer\\Documents\\perkUIiahan\\Archives\\CodeIgniter4\\codeigniter4-projectWeb\\public\\index.php')
CRITICAL - 2023-08-07 07:15:56 --> Trying to access array offset on value of type null
in APPPATH\Views\anime\detail.php on line 11.
 1 APPPATH\Views\anime\detail.php(11): CodeIgniter\Debug\Exceptions->errorHandler(2, 'Trying to access array offset on value of type null', 'C:\\Users\\Acer\\Documents\\perkUIiahan\\Archives\\CodeIgniter4\\codeigniter4-projectWeb\\app\\Views\\anime\\detail.php', 11)
 2 SYSTEMPATH\View\View.php(224): include('C:\\Users\\Acer\\Documents\\perkUIiahan\\Archives\\CodeIgniter4\\codeigniter4-projectWeb\\app\\Views\\anime\\detail.php')
 3 SYSTEMPATH\View\View.php(227): CodeIgniter\View\View->CodeIgniter\View\{closure}()
 4 SYSTEMPATH\Common.php(1176): CodeIgniter\View\View->render('anime/detail', [], true)
 5 APPPATH\Controllers\Anime.php(57): view('anime/detail', [...])
 6 SYSTEMPATH\CodeIgniter.php(932): App\Controllers\Anime->detail('list')
 7 SYSTEMPATH\CodeIgniter.php(497): CodeIgniter\CodeIgniter->runController(Object(App\Controllers\Anime))
 8 SYSTEMPATH\CodeIgniter.php(366): CodeIgniter\CodeIgniter->handleRequest(null, Object(Config\Cache), false)
 9 FCPATH\index.php(67): CodeIgniter\CodeIgniter->run()
10 SYSTEMPATH\Commands\Server\rewrite.php(47): require_once('C:\\Users\\Acer\\Documents\\perkUIiahan\\Archives\\CodeIgniter4\\codeigniter4-projectWeb\\public\\index.php')
CRITICAL - 2023-08-07 07:16:00 --> Trying to access array offset on value of type null
in APPPATH\Views\anime\detail.php on line 11.
 1 APPPATH\Views\anime\detail.php(11): CodeIgniter\Debug\Exceptions->errorHandler(2, 'Trying to access array offset on value of type null', 'C:\\Users\\Acer\\Documents\\perkUIiahan\\Archives\\CodeIgniter4\\codeigniter4-projectWeb\\app\\Views\\anime\\detail.php', 11)
 2 SYSTEMPATH\View\View.php(224): include('C:\\Users\\Acer\\Documents\\perkUIiahan\\Archives\\CodeIgniter4\\codeigniter4-projectWeb\\app\\Views\\anime\\detail.php')
 3 SYSTEMPATH\View\View.php(227): CodeIgniter\View\View->CodeIgniter\View\{closure}()
 4 SYSTEMPATH\Common.php(1176): CodeIgniter\View\View->render('anime/detail', [], true)
 5 APPPATH\Controllers\Anime.php(57): view('anime/detail', [...])
 6 SYSTEMPATH\CodeIgniter.php(932): App\Controllers\Anime->detail('list')
 7 SYSTEMPATH\CodeIgniter.php(497): CodeIgniter\CodeIgniter->runController(Object(App\Controllers\Anime))
 8 SYSTEMPATH\CodeIgniter.php(366): CodeIgniter\CodeIgniter->handleRequest(null, Object(Config\Cache), false)
 9 FCPATH\index.php(67): CodeIgniter\CodeIgniter->run()
10 SYSTEMPATH\Commands\Server\rewrite.php(47): require_once('C:\\Users\\Acer\\Documents\\perkUIiahan\\Archives\\CodeIgniter4\\codeigniter4-projectWeb\\public\\index.php')
CRITICAL - 2023-08-07 07:16:27 --> Trying to access array offset on value of type null
in APPPATH\Views\anime\detail.php on line 11.
 1 APPPATH\Views\anime\detail.php(11): CodeIgniter\Debug\Exceptions->errorHandler(2, 'Trying to access array offset on value of type null', 'C:\\Users\\Acer\\Documents\\perkUIiahan\\Archives\\CodeIgniter4\\codeigniter4-projectWeb\\app\\Views\\anime\\detail.php', 11)
 2 SYSTEMPATH\View\View.php(224): include('C:\\Users\\Acer\\Documents\\perkUIiahan\\Archives\\CodeIgniter4\\codeigniter4-projectWeb\\app\\Views\\anime\\detail.php')
 3 SYSTEMPATH\View\View.php(227): CodeIgniter\View\View->CodeIgniter\View\{closure}()
 4 SYSTEMPATH\Common.php(1176): CodeIgniter\View\View->render('anime/detail', [], true)
 5 APPPATH\Controllers\Anime.php(57): view('anime/detail', [...])
 6 SYSTEMPATH\CodeIgniter.php(932): App\Controllers\Anime->detail('list')
 7 SYSTEMPATH\CodeIgniter.php(497): CodeIgniter\CodeIgniter->runController(Object(App\Controllers\Anime))
 8 SYSTEMPATH\CodeIgniter.php(366): CodeIgniter\CodeIgniter->handleRequest(null, Object(Config\Cache), false)
 9 FCPATH\index.php(67): CodeIgniter\CodeIgniter->run()
10 SYSTEMPATH\Commands\Server\rewrite.php(47): require_once('C:\\Users\\Acer\\Documents\\perkUIiahan\\Archives\\CodeIgniter4\\codeigniter4-projectWeb\\public\\index.php')
CRITICAL - 2023-08-07 07:16:58 --> Trying to access array offset on value of type null
in APPPATH\Views\anime\detail.php on line 11.
 1 APPPATH\Views\anime\detail.php(11): CodeIgniter\Debug\Exceptions->errorHandler(2, 'Trying to access array offset on value of type null', 'C:\\Users\\Acer\\Documents\\perkUIiahan\\Archives\\CodeIgniter4\\codeigniter4-projectWeb\\app\\Views\\anime\\detail.php', 11)
 2 SYSTEMPATH\View\View.php(224): include('C:\\Users\\Acer\\Documents\\perkUIiahan\\Archives\\CodeIgniter4\\codeigniter4-projectWeb\\app\\Views\\anime\\detail.php')
 3 SYSTEMPATH\View\View.php(227): CodeIgniter\View\View->CodeIgniter\View\{closure}()
 4 SYSTEMPATH\Common.php(1176): CodeIgniter\View\View->render('anime/detail', [], true)
 5 APPPATH\Controllers\Anime.php(57): view('anime/detail', [...])
 6 SYSTEMPATH\CodeIgniter.php(932): App\Controllers\Anime->detail('index')
 7 SYSTEMPATH\CodeIgniter.php(497): CodeIgniter\CodeIgniter->runController(Object(App\Controllers\Anime))
 8 SYSTEMPATH\CodeIgniter.php(366): CodeIgniter\CodeIgniter->handleRequest(null, Object(Config\Cache), false)
 9 FCPATH\index.php(67): CodeIgniter\CodeIgniter->run()
10 SYSTEMPATH\Commands\Server\rewrite.php(47): require_once('C:\\Users\\Acer\\Documents\\perkUIiahan\\Archives\\CodeIgniter4\\codeigniter4-projectWeb\\public\\index.php')
CRITICAL - 2023-08-07 07:17:01 --> Trying to access array offset on value of type null
in APPPATH\Views\anime\detail.php on line 11.
 1 APPPATH\Views\anime\detail.php(11): CodeIgniter\Debug\Exceptions->errorHandler(2, 'Trying to access array offset on value of type null', 'C:\\Users\\Acer\\Documents\\perkUIiahan\\Archives\\CodeIgniter4\\codeigniter4-projectWeb\\app\\Views\\anime\\detail.php', 11)
 2 SYSTEMPATH\View\View.php(224): include('C:\\Users\\Acer\\Documents\\perkUIiahan\\Archives\\CodeIgniter4\\codeigniter4-projectWeb\\app\\Views\\anime\\detail.php')
 3 SYSTEMPATH\View\View.php(227): CodeIgniter\View\View->CodeIgniter\View\{closure}()
 4 SYSTEMPATH\Common.php(1176): CodeIgniter\View\View->render('anime/detail', [], true)
 5 APPPATH\Controllers\Anime.php(57): view('anime/detail', [...])
 6 SYSTEMPATH\CodeIgniter.php(932): App\Controllers\Anime->detail('index')
 7 SYSTEMPATH\CodeIgniter.php(497): CodeIgniter\CodeIgniter->runController(Object(App\Controllers\Anime))
 8 SYSTEMPATH\CodeIgniter.php(366): CodeIgniter\CodeIgniter->handleRequest(null, Object(Config\Cache), false)
 9 FCPATH\index.php(67): CodeIgniter\CodeIgniter->run()
10 SYSTEMPATH\Commands\Server\rewrite.php(47): require_once('C:\\Users\\Acer\\Documents\\perkUIiahan\\Archives\\CodeIgniter4\\codeigniter4-projectWeb\\public\\index.php')
CRITICAL - 2023-08-07 07:17:13 --> Trying to access array offset on value of type null
in APPPATH\Views\anime\detail.php on line 11.
 1 APPPATH\Views\anime\detail.php(11): CodeIgniter\Debug\Exceptions->errorHandler(2, 'Trying to access array offset on value of type null', 'C:\\Users\\Acer\\Documents\\perkUIiahan\\Archives\\CodeIgniter4\\codeigniter4-projectWeb\\app\\Views\\anime\\detail.php', 11)
 2 SYSTEMPATH\View\View.php(224): include('C:\\Users\\Acer\\Documents\\perkUIiahan\\Archives\\CodeIgniter4\\codeigniter4-projectWeb\\app\\Views\\anime\\detail.php')
 3 SYSTEMPATH\View\View.php(227): CodeIgniter\View\View->CodeIgniter\View\{closure}()
 4 SYSTEMPATH\Common.php(1176): CodeIgniter\View\View->render('anime/detail', [], true)
 5 APPPATH\Controllers\Anime.php(57): view('anime/detail', [...])
 6 SYSTEMPATH\CodeIgniter.php(932): App\Controllers\Anime->detail('about')
 7 SYSTEMPATH\CodeIgniter.php(497): CodeIgniter\CodeIgniter->runController(Object(App\Controllers\Anime))
 8 SYSTEMPATH\CodeIgniter.php(366): CodeIgniter\CodeIgniter->handleRequest(null, Object(Config\Cache), false)
 9 FCPATH\index.php(67): CodeIgniter\CodeIgniter->run()
10 SYSTEMPATH\Commands\Server\rewrite.php(47): require_once('C:\\Users\\Acer\\Documents\\perkUIiahan\\Archives\\CodeIgniter4\\codeigniter4-projectWeb\\public\\index.php')
CRITICAL - 2023-08-07 07:17:15 --> Trying to access array offset on value of type null
in APPPATH\Views\anime\detail.php on line 11.
 1 APPPATH\Views\anime\detail.php(11): CodeIgniter\Debug\Exceptions->errorHandler(2, 'Trying to access array offset on value of type null', 'C:\\Users\\Acer\\Documents\\perkUIiahan\\Archives\\CodeIgniter4\\codeigniter4-projectWeb\\app\\Views\\anime\\detail.php', 11)
 2 SYSTEMPATH\View\View.php(224): include('C:\\Users\\Acer\\Documents\\perkUIiahan\\Archives\\CodeIgniter4\\codeigniter4-projectWeb\\app\\Views\\anime\\detail.php')
 3 SYSTEMPATH\View\View.php(227): CodeIgniter\View\View->CodeIgniter\View\{closure}()
 4 SYSTEMPATH\Common.php(1176): CodeIgniter\View\View->render('anime/detail', [], true)
 5 APPPATH\Controllers\Anime.php(57): view('anime/detail', [...])
 6 SYSTEMPATH\CodeIgniter.php(932): App\Controllers\Anime->detail('index')
 7 SYSTEMPATH\CodeIgniter.php(497): CodeIgniter\CodeIgniter->runController(Object(App\Controllers\Anime))
 8 SYSTEMPATH\CodeIgniter.php(366): CodeIgniter\CodeIgniter->handleRequest(null, Object(Config\Cache), false)
 9 FCPATH\index.php(67): CodeIgniter\CodeIgniter->run()
10 SYSTEMPATH\Commands\Server\rewrite.php(47): require_once('C:\\Users\\Acer\\Documents\\perkUIiahan\\Archives\\CodeIgniter4\\codeigniter4-projectWeb\\public\\index.php')
CRITICAL - 2023-08-07 07:17:46 --> Trying to access array offset on value of type null
in APPPATH\Views\anime\detail.php on line 11.
 1 APPPATH\Views\anime\detail.php(11): CodeIgniter\Debug\Exceptions->errorHandler(2, 'Trying to access array offset on value of type null', 'C:\\Users\\Acer\\Documents\\perkUIiahan\\Archives\\CodeIgniter4\\codeigniter4-projectWeb\\app\\Views\\anime\\detail.php', 11)
 2 SYSTEMPATH\View\View.php(224): include('C:\\Users\\Acer\\Documents\\perkUIiahan\\Archives\\CodeIgniter4\\codeigniter4-projectWeb\\app\\Views\\anime\\detail.php')
 3 SYSTEMPATH\View\View.php(227): CodeIgniter\View\View->CodeIgniter\View\{closure}()
 4 SYSTEMPATH\Common.php(1176): CodeIgniter\View\View->render('anime/detail', [], true)
 5 APPPATH\Controllers\Anime.php(57): view('anime/detail', [...])
 6 SYSTEMPATH\CodeIgniter.php(932): App\Controllers\Anime->detail('about')
 7 SYSTEMPATH\CodeIgniter.php(497): CodeIgniter\CodeIgniter->runController(Object(App\Controllers\Anime))
 8 SYSTEMPATH\CodeIgniter.php(366): CodeIgniter\CodeIgniter->handleRequest(null, Object(Config\Cache), false)
 9 FCPATH\index.php(67): CodeIgniter\CodeIgniter->run()
10 SYSTEMPATH\Commands\Server\rewrite.php(47): require_once('C:\\Users\\Acer\\Documents\\perkUIiahan\\Archives\\CodeIgniter4\\codeigniter4-projectWeb\\public\\index.php')
CRITICAL - 2023-08-07 07:19:28 --> Trying to access array offset on value of type null
in APPPATH\Views\anime\detail.php on line 11.
 1 APPPATH\Views\anime\detail.php(11): CodeIgniter\Debug\Exceptions->errorHandler(2, 'Trying to access array offset on value of type null', 'C:\\Users\\Acer\\Documents\\perkUIiahan\\Archives\\CodeIgniter4\\codeigniter4-projectWeb\\app\\Views\\anime\\detail.php', 11)
 2 SYSTEMPATH\View\View.php(224): include('C:\\Users\\Acer\\Documents\\perkUIiahan\\Archives\\CodeIgniter4\\codeigniter4-projectWeb\\app\\Views\\anime\\detail.php')
 3 SYSTEMPATH\View\View.php(227): CodeIgniter\View\View->CodeIgniter\View\{closure}()
 4 SYSTEMPATH\Common.php(1176): CodeIgniter\View\View->render('anime/detail', [], true)
 5 APPPATH\Controllers\Anime.php(57): view('anime/detail', [...])
 6 SYSTEMPATH\CodeIgniter.php(932): App\Controllers\Anime->detail('home')
 7 SYSTEMPATH\CodeIgniter.php(497): CodeIgniter\CodeIgniter->runController(Object(App\Controllers\Anime))
 8 SYSTEMPATH\CodeIgniter.php(366): CodeIgniter\CodeIgniter->handleRequest(null, Object(Config\Cache), false)
 9 FCPATH\index.php(67): CodeIgniter\CodeIgniter->run()
10 SYSTEMPATH\Commands\Server\rewrite.php(47): require_once('C:\\Users\\Acer\\Documents\\perkUIiahan\\Archives\\CodeIgniter4\\codeigniter4-projectWeb\\public\\index.php')
CRITICAL - 2023-08-07 07:19:35 --> Trying to access array offset on value of type null
in APPPATH\Views\anime\detail.php on line 11.
 1 APPPATH\Views\anime\detail.php(11): CodeIgniter\Debug\Exceptions->errorHandler(2, 'Trying to access array offset on value of type null', 'C:\\Users\\Acer\\Documents\\perkUIiahan\\Archives\\CodeIgniter4\\codeigniter4-projectWeb\\app\\Views\\anime\\detail.php', 11)
 2 SYSTEMPATH\View\View.php(224): include('C:\\Users\\Acer\\Documents\\perkUIiahan\\Archives\\CodeIgniter4\\codeigniter4-projectWeb\\app\\Views\\anime\\detail.php')
 3 SYSTEMPATH\View\View.php(227): CodeIgniter\View\View->CodeIgniter\View\{closure}()
 4 SYSTEMPATH\Common.php(1176): CodeIgniter\View\View->render('anime/detail', [], true)
 5 APPPATH\Controllers\Anime.php(57): view('anime/detail', [...])
 6 SYSTEMPATH\CodeIgniter.php(932): App\Controllers\Anime->detail('about')
 7 SYSTEMPATH\CodeIgniter.php(497): CodeIgniter\CodeIgniter->runController(Object(App\Controllers\Anime))
 8 SYSTEMPATH\CodeIgniter.php(366): CodeIgniter\CodeIgniter->handleRequest(null, Object(Config\Cache), false)
 9 FCPATH\index.php(67): CodeIgniter\CodeIgniter->run()
10 SYSTEMPATH\Commands\Server\rewrite.php(47): require_once('C:\\Users\\Acer\\Documents\\perkUIiahan\\Archives\\CodeIgniter4\\codeigniter4-projectWeb\\public\\index.php')
CRITICAL - 2023-08-07 07:19:59 --> Trying to access array offset on value of type null
in APPPATH\Views\anime\detail.php on line 11.
 1 APPPATH\Views\anime\detail.php(11): CodeIgniter\Debug\Exceptions->errorHandler(2, 'Trying to access array offset on value of type null', 'C:\\Users\\Acer\\Documents\\perkUIiahan\\Archives\\CodeIgniter4\\codeigniter4-projectWeb\\app\\Views\\anime\\detail.php', 11)
 2 SYSTEMPATH\View\View.php(224): include('C:\\Users\\Acer\\Documents\\perkUIiahan\\Archives\\CodeIgniter4\\codeigniter4-projectWeb\\app\\Views\\anime\\detail.php')
 3 SYSTEMPATH\View\View.php(227): CodeIgniter\View\View->CodeIgniter\View\{closure}()
 4 SYSTEMPATH\Common.php(1176): CodeIgniter\View\View->render('anime/detail', [], true)
 5 APPPATH\Controllers\Anime.php(57): view('anime/detail', [...])
 6 SYSTEMPATH\CodeIgniter.php(932): App\Controllers\Anime->detail('home')
 7 SYSTEMPATH\CodeIgniter.php(497): CodeIgniter\CodeIgniter->runController(Object(App\Controllers\Anime))
 8 SYSTEMPATH\CodeIgniter.php(366): CodeIgniter\CodeIgniter->handleRequest(null, Object(Config\Cache), false)
 9 FCPATH\index.php(67): CodeIgniter\CodeIgniter->run()
10 SYSTEMPATH\Commands\Server\rewrite.php(47): require_once('C:\\Users\\Acer\\Documents\\perkUIiahan\\Archives\\CodeIgniter4\\codeigniter4-projectWeb\\public\\index.php')
CRITICAL - 2023-08-07 07:20:17 --> Trying to access array offset on value of type null
in APPPATH\Views\anime\detail.php on line 11.
 1 APPPATH\Views\anime\detail.php(11): CodeIgniter\Debug\Exceptions->errorHandler(2, 'Trying to access array offset on value of type null', 'C:\\Users\\Acer\\Documents\\perkUIiahan\\Archives\\CodeIgniter4\\codeigniter4-projectWeb\\app\\Views\\anime\\detail.php', 11)
 2 SYSTEMPATH\View\View.php(224): include('C:\\Users\\Acer\\Documents\\perkUIiahan\\Archives\\CodeIgniter4\\codeigniter4-projectWeb\\app\\Views\\anime\\detail.php')
 3 SYSTEMPATH\View\View.php(227): CodeIgniter\View\View->CodeIgniter\View\{closure}()
 4 SYSTEMPATH\Common.php(1176): CodeIgniter\View\View->render('anime/detail', [], true)
 5 APPPATH\Controllers\Anime.php(57): view('anime/detail', [...])
 6 SYSTEMPATH\CodeIgniter.php(932): App\Controllers\Anime->detail('home')
 7 SYSTEMPATH\CodeIgniter.php(497): CodeIgniter\CodeIgniter->runController(Object(App\Controllers\Anime))
 8 SYSTEMPATH\CodeIgniter.php(366): CodeIgniter\CodeIgniter->handleRequest(null, Object(Config\Cache), false)
 9 FCPATH\index.php(67): CodeIgniter\CodeIgniter->run()
10 SYSTEMPATH\Commands\Server\rewrite.php(47): require_once('C:\\Users\\Acer\\Documents\\perkUIiahan\\Archives\\CodeIgniter4\\codeigniter4-projectWeb\\public\\index.php')
CRITICAL - 2023-08-07 07:20:42 --> Trying to access array offset on value of type null
in APPPATH\Views\anime\detail.php on line 11.
 1 APPPATH\Views\anime\detail.php(11): CodeIgniter\Debug\Exceptions->errorHandler(2, 'Trying to access array offset on value of type null', 'C:\\Users\\Acer\\Documents\\perkUIiahan\\Archives\\CodeIgniter4\\codeigniter4-projectWeb\\app\\Views\\anime\\detail.php', 11)
 2 SYSTEMPATH\View\View.php(224): include('C:\\Users\\Acer\\Documents\\perkUIiahan\\Archives\\CodeIgniter4\\codeigniter4-projectWeb\\app\\Views\\anime\\detail.php')
 3 SYSTEMPATH\View\View.php(227): CodeIgniter\View\View->CodeIgniter\View\{closure}()
 4 SYSTEMPATH\Common.php(1176): CodeIgniter\View\View->render('anime/detail', [], true)
 5 APPPATH\Controllers\Anime.php(57): view('anime/detail', [...])
 6 SYSTEMPATH\CodeIgniter.php(932): App\Controllers\Anime->detail('aowkaowkk')
 7 SYSTEMPATH\CodeIgniter.php(497): CodeIgniter\CodeIgniter->runController(Object(App\Controllers\Anime))
 8 SYSTEMPATH\CodeIgniter.php(366): CodeIgniter\CodeIgniter->handleRequest(null, Object(Config\Cache), false)
 9 FCPATH\index.php(67): CodeIgniter\CodeIgniter->run()
10 SYSTEMPATH\Commands\Server\rewrite.php(47): require_once('C:\\Users\\Acer\\Documents\\perkUIiahan\\Archives\\CodeIgniter4\\codeigniter4-projectWeb\\public\\index.php')
CRITICAL - 2023-08-07 07:22:13 --> Trying to access array offset on value of type null
in APPPATH\Views\anime\detail.php on line 11.
 1 APPPATH\Views\anime\detail.php(11): CodeIgniter\Debug\Exceptions->errorHandler(2, 'Trying to access array offset on value of type null', 'C:\\Users\\Acer\\Documents\\perkUIiahan\\Archives\\CodeIgniter4\\codeigniter4-projectWeb\\app\\Views\\anime\\detail.php', 11)
 2 SYSTEMPATH\View\View.php(224): include('C:\\Users\\Acer\\Documents\\perkUIiahan\\Archives\\CodeIgniter4\\codeigniter4-projectWeb\\app\\Views\\anime\\detail.php')
 3 SYSTEMPATH\View\View.php(227): CodeIgniter\View\View->CodeIgniter\View\{closure}()
 4 SYSTEMPATH\Common.php(1176): CodeIgniter\View\View->render('anime/detail', [], true)
 5 APPPATH\Controllers\Anime.php(57): view('anime/detail', [...])
 6 SYSTEMPATH\CodeIgniter.php(932): App\Controllers\Anime->detail('about')
 7 SYSTEMPATH\CodeIgniter.php(497): CodeIgniter\CodeIgniter->runController(Object(App\Controllers\Anime))
 8 SYSTEMPATH\CodeIgniter.php(366): CodeIgniter\CodeIgniter->handleRequest(null, Object(Config\Cache), false)
 9 FCPATH\index.php(67): CodeIgniter\CodeIgniter->run()
10 SYSTEMPATH\Commands\Server\rewrite.php(47): require_once('C:\\Users\\Acer\\Documents\\perkUIiahan\\Archives\\CodeIgniter4\\codeigniter4-projectWeb\\public\\index.php')
CRITICAL - 2023-08-07 07:27:47 --> Trying to access array offset on value of type null
in APPPATH\Views\anime\detail.php on line 11.
 1 APPPATH\Views\anime\detail.php(11): CodeIgniter\Debug\Exceptions->errorHandler(2, 'Trying to access array offset on value of type null', 'C:\\Users\\Acer\\Documents\\perkUIiahan\\Archives\\CodeIgniter4\\codeigniter4-projectWeb\\app\\Views\\anime\\detail.php', 11)
 2 SYSTEMPATH\View\View.php(224): include('C:\\Users\\Acer\\Documents\\perkUIiahan\\Archives\\CodeIgniter4\\codeigniter4-projectWeb\\app\\Views\\anime\\detail.php')
 3 SYSTEMPATH\View\View.php(227): CodeIgniter\View\View->CodeIgniter\View\{closure}()
 4 SYSTEMPATH\Common.php(1176): CodeIgniter\View\View->render('anime/detail', [], true)
 5 APPPATH\Controllers\Anime.php(57): view('anime/detail', [...])
 6 SYSTEMPATH\CodeIgniter.php(932): App\Controllers\Anime->detail('list_anime')
 7 SYSTEMPATH\CodeIgniter.php(497): CodeIgniter\CodeIgniter->runController(Object(App\Controllers\Anime))
 8 SYSTEMPATH\CodeIgniter.php(366): CodeIgniter\CodeIgniter->handleRequest(null, Object(Config\Cache), false)
 9 FCPATH\index.php(67): CodeIgniter\CodeIgniter->run()
10 SYSTEMPATH\Commands\Server\rewrite.php(47): require_once('C:\\Users\\Acer\\Documents\\perkUIiahan\\Archives\\CodeIgniter4\\codeigniter4-projectWeb\\public\\index.php')
CRITICAL - 2023-08-07 07:59:06 --> Trying to access array offset on value of type null
in APPPATH\Views\anime\detail.php on line 11.
 1 APPPATH\Views\anime\detail.php(11): CodeIgniter\Debug\Exceptions->errorHandler(2, 'Trying to access array offset on value of type null', 'C:\\Users\\Acer\\Documents\\perkUIiahan\\Archives\\CodeIgniter4\\codeigniter4-projectWeb\\app\\Views\\anime\\detail.php', 11)
 2 SYSTEMPATH\View\View.php(224): include('C:\\Users\\Acer\\Documents\\perkUIiahan\\Archives\\CodeIgniter4\\codeigniter4-projectWeb\\app\\Views\\anime\\detail.php')
 3 SYSTEMPATH\View\View.php(227): CodeIgniter\View\View->CodeIgniter\View\{closure}()
 4 SYSTEMPATH\Common.php(1176): CodeIgniter\View\View->render('anime/detail', [], true)
 5 APPPATH\Controllers\Anime.php(57): view('anime/detail', [...])
 6 SYSTEMPATH\CodeIgniter.php(932): App\Controllers\Anime->detail('create')
 7 SYSTEMPATH\CodeIgniter.php(497): CodeIgniter\CodeIgniter->runController(Object(App\Controllers\Anime))
 8 SYSTEMPATH\CodeIgniter.php(366): CodeIgniter\CodeIgniter->handleRequest(null, Object(Config\Cache), false)
 9 FCPATH\index.php(67): CodeIgniter\CodeIgniter->run()
10 SYSTEMPATH\Commands\Server\rewrite.php(47): require_once('C:\\Users\\Acer\\Documents\\perkUIiahan\\Archives\\CodeIgniter4\\codeigniter4-projectWeb\\public\\index.php')
CRITICAL - 2023-08-07 07:59:35 --> Trying to access array offset on value of type null
in APPPATH\Views\anime\detail.php on line 11.
 1 APPPATH\Views\anime\detail.php(11): CodeIgniter\Debug\Exceptions->errorHandler(2, 'Trying to access array offset on value of type null', 'C:\\Users\\Acer\\Documents\\perkUIiahan\\Archives\\CodeIgniter4\\codeigniter4-projectWeb\\app\\Views\\anime\\detail.php', 11)
 2 SYSTEMPATH\View\View.php(224): include('C:\\Users\\Acer\\Documents\\perkUIiahan\\Archives\\CodeIgniter4\\codeigniter4-projectWeb\\app\\Views\\anime\\detail.php')
 3 SYSTEMPATH\View\View.php(227): CodeIgniter\View\View->CodeIgniter\View\{closure}()
 4 SYSTEMPATH\Common.php(1176): CodeIgniter\View\View->render('anime/detail', [], true)
 5 APPPATH\Controllers\Anime.php(57): view('anime/detail', [...])
 6 SYSTEMPATH\CodeIgniter.php(932): App\Controllers\Anime->detail('create')
 7 SYSTEMPATH\CodeIgniter.php(497): CodeIgniter\CodeIgniter->runController(Object(App\Controllers\Anime))
 8 SYSTEMPATH\CodeIgniter.php(366): CodeIgniter\CodeIgniter->handleRequest(null, Object(Config\Cache), false)
 9 FCPATH\index.php(67): CodeIgniter\CodeIgniter->run()
10 SYSTEMPATH\Commands\Server\rewrite.php(47): require_once('C:\\Users\\Acer\\Documents\\perkUIiahan\\Archives\\CodeIgniter4\\codeigniter4-projectWeb\\public\\index.php')
CRITICAL - 2023-08-07 07:59:36 --> Trying to access array offset on value of type null
in APPPATH\Views\anime\detail.php on line 11.
 1 APPPATH\Views\anime\detail.php(11): CodeIgniter\Debug\Exceptions->errorHandler(2, 'Trying to access array offset on value of type null', 'C:\\Users\\Acer\\Documents\\perkUIiahan\\Archives\\CodeIgniter4\\codeigniter4-projectWeb\\app\\Views\\anime\\detail.php', 11)
 2 SYSTEMPATH\View\View.php(224): include('C:\\Users\\Acer\\Documents\\perkUIiahan\\Archives\\CodeIgniter4\\codeigniter4-projectWeb\\app\\Views\\anime\\detail.php')
 3 SYSTEMPATH\View\View.php(227): CodeIgniter\View\View->CodeIgniter\View\{closure}()
 4 SYSTEMPATH\Common.php(1176): CodeIgniter\View\View->render('anime/detail', [], true)
 5 APPPATH\Controllers\Anime.php(57): view('anime/detail', [...])
 6 SYSTEMPATH\CodeIgniter.php(932): App\Controllers\Anime->detail('create')
 7 SYSTEMPATH\CodeIgniter.php(497): CodeIgniter\CodeIgniter->runController(Object(App\Controllers\Anime))
 8 SYSTEMPATH\CodeIgniter.php(366): CodeIgniter\CodeIgniter->handleRequest(null, Object(Config\Cache), false)
 9 FCPATH\index.php(67): CodeIgniter\CodeIgniter->run()
10 SYSTEMPATH\Commands\Server\rewrite.php(47): require_once('C:\\Users\\Acer\\Documents\\perkUIiahan\\Archives\\CodeIgniter4\\codeigniter4-projectWeb\\public\\index.php')
CRITICAL - 2023-08-07 07:59:40 --> Trying to access array offset on value of type null
in APPPATH\Views\anime\detail.php on line 11.
 1 APPPATH\Views\anime\detail.php(11): CodeIgniter\Debug\Exceptions->errorHandler(2, 'Trying to access array offset on value of type null', 'C:\\Users\\Acer\\Documents\\perkUIiahan\\Archives\\CodeIgniter4\\codeigniter4-projectWeb\\app\\Views\\anime\\detail.php', 11)
 2 SYSTEMPATH\View\View.php(224): include('C:\\Users\\Acer\\Documents\\perkUIiahan\\Archives\\CodeIgniter4\\codeigniter4-projectWeb\\app\\Views\\anime\\detail.php')
 3 SYSTEMPATH\View\View.php(227): CodeIgniter\View\View->CodeIgniter\View\{closure}()
 4 SYSTEMPATH\Common.php(1176): CodeIgniter\View\View->render('anime/detail', [], true)
 5 APPPATH\Controllers\Anime.php(57): view('anime/detail', [...])
 6 SYSTEMPATH\CodeIgniter.php(932): App\Controllers\Anime->detail('create')
 7 SYSTEMPATH\CodeIgniter.php(497): CodeIgniter\CodeIgniter->runController(Object(App\Controllers\Anime))
 8 SYSTEMPATH\CodeIgniter.php(366): CodeIgniter\CodeIgniter->handleRequest(null, Object(Config\Cache), false)
 9 FCPATH\index.php(67): CodeIgniter\CodeIgniter->run()
10 SYSTEMPATH\Commands\Server\rewrite.php(47): require_once('C:\\Users\\Acer\\Documents\\perkUIiahan\\Archives\\CodeIgniter4\\codeigniter4-projectWeb\\public\\index.php')
CRITICAL - 2023-08-07 07:59:57 --> Trying to access array offset on value of type null
in APPPATH\Views\anime\detail.php on line 11.
 1 APPPATH\Views\anime\detail.php(11): CodeIgniter\Debug\Exceptions->errorHandler(2, 'Trying to access array offset on value of type null', 'C:\\Users\\Acer\\Documents\\perkUIiahan\\Archives\\CodeIgniter4\\codeigniter4-projectWeb\\app\\Views\\anime\\detail.php', 11)
 2 SYSTEMPATH\View\View.php(224): include('C:\\Users\\Acer\\Documents\\perkUIiahan\\Archives\\CodeIgniter4\\codeigniter4-projectWeb\\app\\Views\\anime\\detail.php')
 3 SYSTEMPATH\View\View.php(227): CodeIgniter\View\View->CodeIgniter\View\{closure}()
 4 SYSTEMPATH\Common.php(1176): CodeIgniter\View\View->render('anime/detail', [], true)
 5 APPPATH\Controllers\Anime.php(57): view('anime/detail', [...])
 6 SYSTEMPATH\CodeIgniter.php(932): App\Controllers\Anime->detail('create')
 7 SYSTEMPATH\CodeIgniter.php(497): CodeIgniter\CodeIgniter->runController(Object(App\Controllers\Anime))
 8 SYSTEMPATH\CodeIgniter.php(366): CodeIgniter\CodeIgniter->handleRequest(null, Object(Config\Cache), false)
 9 FCPATH\index.php(67): CodeIgniter\CodeIgniter->run()
10 SYSTEMPATH\Commands\Server\rewrite.php(47): require_once('C:\\Users\\Acer\\Documents\\perkUIiahan\\Archives\\CodeIgniter4\\codeigniter4-projectWeb\\public\\index.php')
CRITICAL - 2023-08-07 08:00:01 --> Trying to access array offset on value of type null
in APPPATH\Views\anime\detail.php on line 11.
 1 APPPATH\Views\anime\detail.php(11): CodeIgniter\Debug\Exceptions->errorHandler(2, 'Trying to access array offset on value of type null', 'C:\\Users\\Acer\\Documents\\perkUIiahan\\Archives\\CodeIgniter4\\codeigniter4-projectWeb\\app\\Views\\anime\\detail.php', 11)
 2 SYSTEMPATH\View\View.php(224): include('C:\\Users\\Acer\\Documents\\perkUIiahan\\Archives\\CodeIgniter4\\codeigniter4-projectWeb\\app\\Views\\anime\\detail.php')
 3 SYSTEMPATH\View\View.php(227): CodeIgniter\View\View->CodeIgniter\View\{closure}()
 4 SYSTEMPATH\Common.php(1176): CodeIgniter\View\View->render('anime/detail', [], true)
 5 APPPATH\Controllers\Anime.php(57): view('anime/detail', [...])
 6 SYSTEMPATH\CodeIgniter.php(932): App\Controllers\Anime->detail('create')
 7 SYSTEMPATH\CodeIgniter.php(497): CodeIgniter\CodeIgniter->runController(Object(App\Controllers\Anime))
 8 SYSTEMPATH\CodeIgniter.php(366): CodeIgniter\CodeIgniter->handleRequest(null, Object(Config\Cache), false)
 9 FCPATH\index.php(67): CodeIgniter\CodeIgniter->run()
10 SYSTEMPATH\Commands\Server\rewrite.php(47): require_once('C:\\Users\\Acer\\Documents\\perkUIiahan\\Archives\\CodeIgniter4\\codeigniter4-projectWeb\\public\\index.php')
CRITICAL - 2023-08-07 08:00:25 --> Trying to access array offset on value of type null
in APPPATH\Views\anime\detail.php on line 11.
 1 APPPATH\Views\anime\detail.php(11): CodeIgniter\Debug\Exceptions->errorHandler(2, 'Trying to access array offset on value of type null', 'C:\\Users\\Acer\\Documents\\perkUIiahan\\Archives\\CodeIgniter4\\codeigniter4-projectWeb\\app\\Views\\anime\\detail.php', 11)
 2 SYSTEMPATH\View\View.php(224): include('C:\\Users\\Acer\\Documents\\perkUIiahan\\Archives\\CodeIgniter4\\codeigniter4-projectWeb\\app\\Views\\anime\\detail.php')
 3 SYSTEMPATH\View\View.php(227): CodeIgniter\View\View->CodeIgniter\View\{closure}()
 4 SYSTEMPATH\Common.php(1176): CodeIgniter\View\View->render('anime/detail', [], true)
 5 APPPATH\Controllers\Anime.php(57): view('anime/detail', [...])
 6 SYSTEMPATH\CodeIgniter.php(932): App\Controllers\Anime->detail('create')
 7 SYSTEMPATH\CodeIgniter.php(497): CodeIgniter\CodeIgniter->runController(Object(App\Controllers\Anime))
 8 SYSTEMPATH\CodeIgniter.php(366): CodeIgniter\CodeIgniter->handleRequest(null, Object(Config\Cache), false)
 9 FCPATH\index.php(67): CodeIgniter\CodeIgniter->run()
10 SYSTEMPATH\Commands\Server\rewrite.php(47): require_once('C:\\Users\\Acer\\Documents\\perkUIiahan\\Archives\\CodeIgniter4\\codeigniter4-projectWeb\\public\\index.php')
CRITICAL - 2023-08-07 08:00:26 --> Trying to access array offset on value of type null
in APPPATH\Views\anime\detail.php on line 11.
 1 APPPATH\Views\anime\detail.php(11): CodeIgniter\Debug\Exceptions->errorHandler(2, 'Trying to access array offset on value of type null', 'C:\\Users\\Acer\\Documents\\perkUIiahan\\Archives\\CodeIgniter4\\codeigniter4-projectWeb\\app\\Views\\anime\\detail.php', 11)
 2 SYSTEMPATH\View\View.php(224): include('C:\\Users\\Acer\\Documents\\perkUIiahan\\Archives\\CodeIgniter4\\codeigniter4-projectWeb\\app\\Views\\anime\\detail.php')
 3 SYSTEMPATH\View\View.php(227): CodeIgniter\View\View->CodeIgniter\View\{closure}()
 4 SYSTEMPATH\Common.php(1176): CodeIgniter\View\View->render('anime/detail', [], true)
 5 APPPATH\Controllers\Anime.php(57): view('anime/detail', [...])
 6 SYSTEMPATH\CodeIgniter.php(932): App\Controllers\Anime->detail('create')
 7 SYSTEMPATH\CodeIgniter.php(497): CodeIgniter\CodeIgniter->runController(Object(App\Controllers\Anime))
 8 SYSTEMPATH\CodeIgniter.php(366): CodeIgniter\CodeIgniter->handleRequest(null, Object(Config\Cache), false)
 9 FCPATH\index.php(67): CodeIgniter\CodeIgniter->run()
10 SYSTEMPATH\Commands\Server\rewrite.php(47): require_once('C:\\Users\\Acer\\Documents\\perkUIiahan\\Archives\\CodeIgniter4\\codeigniter4-projectWeb\\public\\index.php')
CRITICAL - 2023-08-07 08:00:29 --> Trying to access array offset on value of type null
in APPPATH\Views\anime\detail.php on line 11.
 1 APPPATH\Views\anime\detail.php(11): CodeIgniter\Debug\Exceptions->errorHandler(2, 'Trying to access array offset on value of type null', 'C:\\Users\\Acer\\Documents\\perkUIiahan\\Archives\\CodeIgniter4\\codeigniter4-projectWeb\\app\\Views\\anime\\detail.php', 11)
 2 SYSTEMPATH\View\View.php(224): include('C:\\Users\\Acer\\Documents\\perkUIiahan\\Archives\\CodeIgniter4\\codeigniter4-projectWeb\\app\\Views\\anime\\detail.php')
 3 SYSTEMPATH\View\View.php(227): CodeIgniter\View\View->CodeIgniter\View\{closure}()
 4 SYSTEMPATH\Common.php(1176): CodeIgniter\View\View->render('anime/detail', [], true)
 5 APPPATH\Controllers\Anime.php(57): view('anime/detail', [...])
 6 SYSTEMPATH\CodeIgniter.php(932): App\Controllers\Anime->detail('create')
 7 SYSTEMPATH\CodeIgniter.php(497): CodeIgniter\CodeIgniter->runController(Object(App\Controllers\Anime))
 8 SYSTEMPATH\CodeIgniter.php(366): CodeIgniter\CodeIgniter->handleRequest(null, Object(Config\Cache), false)
 9 FCPATH\index.php(67): CodeIgniter\CodeIgniter->run()
10 SYSTEMPATH\Commands\Server\rewrite.php(47): require_once('C:\\Users\\Acer\\Documents\\perkUIiahan\\Archives\\CodeIgniter4\\codeigniter4-projectWeb\\public\\index.php')
CRITICAL - 2023-08-07 08:01:19 --> Trying to access array offset on value of type null
in APPPATH\Views\anime\detail.php on line 11.
 1 APPPATH\Views\anime\detail.php(11): CodeIgniter\Debug\Exceptions->errorHandler(2, 'Trying to access array offset on value of type null', 'C:\\Users\\Acer\\Documents\\perkUIiahan\\Archives\\CodeIgniter4\\codeigniter4-projectWeb\\app\\Views\\anime\\detail.php', 11)
 2 SYSTEMPATH\View\View.php(224): include('C:\\Users\\Acer\\Documents\\perkUIiahan\\Archives\\CodeIgniter4\\codeigniter4-projectWeb\\app\\Views\\anime\\detail.php')
 3 SYSTEMPATH\View\View.php(227): CodeIgniter\View\View->CodeIgniter\View\{closure}()
 4 SYSTEMPATH\Common.php(1176): CodeIgniter\View\View->render('anime/detail', [], true)
 5 APPPATH\Controllers\Anime.php(57): view('anime/detail', [...])
 6 SYSTEMPATH\CodeIgniter.php(932): App\Controllers\Anime->detail('create')
 7 SYSTEMPATH\CodeIgniter.php(497): CodeIgniter\CodeIgniter->runController(Object(App\Controllers\Anime))
 8 SYSTEMPATH\CodeIgniter.php(366): CodeIgniter\CodeIgniter->handleRequest(null, Object(Config\Cache), false)
 9 FCPATH\index.php(67): CodeIgniter\CodeIgniter->run()
10 SYSTEMPATH\Commands\Server\rewrite.php(47): require_once('C:\\Users\\Acer\\Documents\\perkUIiahan\\Archives\\CodeIgniter4\\codeigniter4-projectWeb\\public\\index.php')
CRITICAL - 2023-08-07 08:01:47 --> Trying to access array offset on value of type null
in APPPATH\Views\anime\detail.php on line 11.
 1 APPPATH\Views\anime\detail.php(11): CodeIgniter\Debug\Exceptions->errorHandler(2, 'Trying to access array offset on value of type null', 'C:\\Users\\Acer\\Documents\\perkUIiahan\\Archives\\CodeIgniter4\\codeigniter4-projectWeb\\app\\Views\\anime\\detail.php', 11)
 2 SYSTEMPATH\View\View.php(224): include('C:\\Users\\Acer\\Documents\\perkUIiahan\\Archives\\CodeIgniter4\\codeigniter4-projectWeb\\app\\Views\\anime\\detail.php')
 3 SYSTEMPATH\View\View.php(227): CodeIgniter\View\View->CodeIgniter\View\{closure}()
 4 SYSTEMPATH\Common.php(1176): CodeIgniter\View\View->render('anime/detail', [], true)
 5 APPPATH\Controllers\Anime.php(57): view('anime/detail', [...])
 6 SYSTEMPATH\CodeIgniter.php(932): App\Controllers\Anime->detail('create')
 7 SYSTEMPATH\CodeIgniter.php(497): CodeIgniter\CodeIgniter->runController(Object(App\Controllers\Anime))
 8 SYSTEMPATH\CodeIgniter.php(366): CodeIgniter\CodeIgniter->handleRequest(null, Object(Config\Cache), false)
 9 FCPATH\index.php(67): CodeIgniter\CodeIgniter->run()
10 SYSTEMPATH\Commands\Server\rewrite.php(47): require_once('C:\\Users\\Acer\\Documents\\perkUIiahan\\Archives\\CodeIgniter4\\codeigniter4-projectWeb\\public\\index.php')
CRITICAL - 2023-08-07 08:01:52 --> Undefined variable $title
in APPPATH\Views\layout\template.php on line 15.
 1 APPPATH\Views\layout\template.php(15): CodeIgniter\Debug\Exceptions->errorHandler(2, 'Undefined variable $title', 'C:\\Users\\Acer\\Documents\\perkUIiahan\\Archives\\CodeIgniter4\\codeigniter4-projectWeb\\app\\Views\\layout\\template.php', 15)
 2 SYSTEMPATH\View\View.php(224): include('C:\\Users\\Acer\\Documents\\perkUIiahan\\Archives\\CodeIgniter4\\codeigniter4-projectWeb\\app\\Views\\layout\\template.php')
 3 SYSTEMPATH\View\View.php(227): CodeIgniter\View\View->CodeIgniter\View\{closure}()
 4 SYSTEMPATH\View\View.php(240): CodeIgniter\View\View->render('layout/template', [], true)
 5 SYSTEMPATH\Common.php(1176): CodeIgniter\View\View->render('anime/create', [], true)
 6 APPPATH\Controllers\Anime.php(66): view('anime/create')
 7 SYSTEMPATH\CodeIgniter.php(932): App\Controllers\Anime->create()
 8 SYSTEMPATH\CodeIgniter.php(497): CodeIgniter\CodeIgniter->runController(Object(App\Controllers\Anime))
 9 SYSTEMPATH\CodeIgniter.php(366): CodeIgniter\CodeIgniter->handleRequest(null, Object(Config\Cache), false)
10 FCPATH\index.php(67): CodeIgniter\CodeIgniter->run()
11 SYSTEMPATH\Commands\Server\rewrite.php(47): require_once('C:\\Users\\Acer\\Documents\\perkUIiahan\\Archives\\CodeIgniter4\\codeigniter4-projectWeb\\public\\index.php')
CRITICAL - 2023-08-07 08:01:55 --> Undefined variable $title
in APPPATH\Views\layout\template.php on line 15.
 1 APPPATH\Views\layout\template.php(15): CodeIgniter\Debug\Exceptions->errorHandler(2, 'Undefined variable $title', 'C:\\Users\\Acer\\Documents\\perkUIiahan\\Archives\\CodeIgniter4\\codeigniter4-projectWeb\\app\\Views\\layout\\template.php', 15)
 2 SYSTEMPATH\View\View.php(224): include('C:\\Users\\Acer\\Documents\\perkUIiahan\\Archives\\CodeIgniter4\\codeigniter4-projectWeb\\app\\Views\\layout\\template.php')
 3 SYSTEMPATH\View\View.php(227): CodeIgniter\View\View->CodeIgniter\View\{closure}()
 4 SYSTEMPATH\View\View.php(240): CodeIgniter\View\View->render('layout/template', [], true)
 5 SYSTEMPATH\Common.php(1176): CodeIgniter\View\View->render('anime/create', [], true)
 6 APPPATH\Controllers\Anime.php(66): view('anime/create')
 7 SYSTEMPATH\CodeIgniter.php(932): App\Controllers\Anime->create()
 8 SYSTEMPATH\CodeIgniter.php(497): CodeIgniter\CodeIgniter->runController(Object(App\Controllers\Anime))
 9 SYSTEMPATH\CodeIgniter.php(366): CodeIgniter\CodeIgniter->handleRequest(null, Object(Config\Cache), false)
10 FCPATH\index.php(67): CodeIgniter\CodeIgniter->run()
11 SYSTEMPATH\Commands\Server\rewrite.php(47): require_once('C:\\Users\\Acer\\Documents\\perkUIiahan\\Archives\\CodeIgniter4\\codeigniter4-projectWeb\\public\\index.php')
CRITICAL - 2023-08-07 08:02:00 --> Undefined variable $title
in APPPATH\Views\layout\template.php on line 15.
 1 APPPATH\Views\layout\template.php(15): CodeIgniter\Debug\Exceptions->errorHandler(2, 'Undefined variable $title', 'C:\\Users\\Acer\\Documents\\perkUIiahan\\Archives\\CodeIgniter4\\codeigniter4-projectWeb\\app\\Views\\layout\\template.php', 15)
 2 SYSTEMPATH\View\View.php(224): include('C:\\Users\\Acer\\Documents\\perkUIiahan\\Archives\\CodeIgniter4\\codeigniter4-projectWeb\\app\\Views\\layout\\template.php')
 3 SYSTEMPATH\View\View.php(227): CodeIgniter\View\View->CodeIgniter\View\{closure}()
 4 SYSTEMPATH\View\View.php(240): CodeIgniter\View\View->render('layout/template', [], true)
 5 SYSTEMPATH\Common.php(1176): CodeIgniter\View\View->render('anime/create', [], true)
 6 APPPATH\Controllers\Anime.php(66): view('anime/create')
 7 SYSTEMPATH\CodeIgniter.php(932): App\Controllers\Anime->create()
 8 SYSTEMPATH\CodeIgniter.php(497): CodeIgniter\CodeIgniter->runController(Object(App\Controllers\Anime))
 9 SYSTEMPATH\CodeIgniter.php(366): CodeIgniter\CodeIgniter->handleRequest(null, Object(Config\Cache), false)
10 FCPATH\index.php(67): CodeIgniter\CodeIgniter->run()
11 SYSTEMPATH\Commands\Server\rewrite.php(47): require_once('C:\\Users\\Acer\\Documents\\perkUIiahan\\Archives\\CodeIgniter4\\codeigniter4-projectWeb\\public\\index.php')
CRITICAL - 2023-08-07 08:02:28 --> Undefined variable $title
in APPPATH\Views\layout\template.php on line 15.
 1 APPPATH\Views\layout\template.php(15): CodeIgniter\Debug\Exceptions->errorHandler(2, 'Undefined variable $title', 'C:\\Users\\Acer\\Documents\\perkUIiahan\\Archives\\CodeIgniter4\\codeigniter4-projectWeb\\app\\Views\\layout\\template.php', 15)
 2 SYSTEMPATH\View\View.php(224): include('C:\\Users\\Acer\\Documents\\perkUIiahan\\Archives\\CodeIgniter4\\codeigniter4-projectWeb\\app\\Views\\layout\\template.php')
 3 SYSTEMPATH\View\View.php(227): CodeIgniter\View\View->CodeIgniter\View\{closure}()
 4 SYSTEMPATH\View\View.php(240): CodeIgniter\View\View->render('layout/template', [], true)
 5 SYSTEMPATH\Common.php(1176): CodeIgniter\View\View->render('anime/create', [], true)
 6 APPPATH\Controllers\Anime.php(66): view('anime/create')
 7 SYSTEMPATH\CodeIgniter.php(932): App\Controllers\Anime->create()
 8 SYSTEMPATH\CodeIgniter.php(497): CodeIgniter\CodeIgniter->runController(Object(App\Controllers\Anime))
 9 SYSTEMPATH\CodeIgniter.php(366): CodeIgniter\CodeIgniter->handleRequest(null, Object(Config\Cache), false)
10 FCPATH\index.php(67): CodeIgniter\CodeIgniter->run()
11 SYSTEMPATH\Commands\Server\rewrite.php(47): require_once('C:\\Users\\Acer\\Documents\\perkUIiahan\\Archives\\CodeIgniter4\\codeigniter4-projectWeb\\public\\index.php')
CRITICAL - 2023-08-07 08:02:58 --> Undefined variable $title
in APPPATH\Views\layout\template.php on line 15.
 1 APPPATH\Views\layout\template.php(15): CodeIgniter\Debug\Exceptions->errorHandler(2, 'Undefined variable $title', 'C:\\Users\\Acer\\Documents\\perkUIiahan\\Archives\\CodeIgniter4\\codeigniter4-projectWeb\\app\\Views\\layout\\template.php', 15)
 2 SYSTEMPATH\View\View.php(224): include('C:\\Users\\Acer\\Documents\\perkUIiahan\\Archives\\CodeIgniter4\\codeigniter4-projectWeb\\app\\Views\\layout\\template.php')
 3 SYSTEMPATH\View\View.php(227): CodeIgniter\View\View->CodeIgniter\View\{closure}()
 4 SYSTEMPATH\View\View.php(240): CodeIgniter\View\View->render('layout/template', [], true)
 5 SYSTEMPATH\Common.php(1176): CodeIgniter\View\View->render('anime/create', [], true)
 6 APPPATH\Controllers\Anime.php(66): view('anime/create')
 7 SYSTEMPATH\CodeIgniter.php(932): App\Controllers\Anime->create()
 8 SYSTEMPATH\CodeIgniter.php(497): CodeIgniter\CodeIgniter->runController(Object(App\Controllers\Anime))
 9 SYSTEMPATH\CodeIgniter.php(366): CodeIgniter\CodeIgniter->handleRequest(null, Object(Config\Cache), false)
10 FCPATH\index.php(67): CodeIgniter\CodeIgniter->run()
11 SYSTEMPATH\Commands\Server\rewrite.php(47): require_once('C:\\Users\\Acer\\Documents\\perkUIiahan\\Archives\\CodeIgniter4\\codeigniter4-projectWeb\\public\\index.php')
CRITICAL - 2023-08-07 08:03:03 --> Undefined variable $title
in APPPATH\Views\layout\template.php on line 15.
 1 APPPATH\Views\layout\template.php(15): CodeIgniter\Debug\Exceptions->errorHandler(2, 'Undefined variable $title', 'C:\\Users\\Acer\\Documents\\perkUIiahan\\Archives\\CodeIgniter4\\codeigniter4-projectWeb\\app\\Views\\layout\\template.php', 15)
 2 SYSTEMPATH\View\View.php(224): include('C:\\Users\\Acer\\Documents\\perkUIiahan\\Archives\\CodeIgniter4\\codeigniter4-projectWeb\\app\\Views\\layout\\template.php')
 3 SYSTEMPATH\View\View.php(227): CodeIgniter\View\View->CodeIgniter\View\{closure}()
 4 SYSTEMPATH\View\View.php(240): CodeIgniter\View\View->render('layout/template', [], true)
 5 SYSTEMPATH\Common.php(1176): CodeIgniter\View\View->render('anime/create', [], true)
 6 APPPATH\Controllers\Anime.php(66): view('anime/create')
 7 SYSTEMPATH\CodeIgniter.php(932): App\Controllers\Anime->create()
 8 SYSTEMPATH\CodeIgniter.php(497): CodeIgniter\CodeIgniter->runController(Object(App\Controllers\Anime))
 9 SYSTEMPATH\CodeIgniter.php(366): CodeIgniter\CodeIgniter->handleRequest(null, Object(Config\Cache), false)
10 FCPATH\index.php(67): CodeIgniter\CodeIgniter->run()
11 SYSTEMPATH\Commands\Server\rewrite.php(47): require_once('C:\\Users\\Acer\\Documents\\perkUIiahan\\Archives\\CodeIgniter4\\codeigniter4-projectWeb\\public\\index.php')
ERROR - 2023-08-07 09:01:52 --> mysqli_sql_exception: Unknown column 'created_at' in 'field list' in C:\Users\Acer\Documents\perkUIiahan\Archives\CodeIgniter4\codeigniter4-projectWeb\system\Database\MySQLi\Connection.php:295
Stack trace:
#0 C:\Users\Acer\Documents\perkUIiahan\Archives\CodeIgniter4\codeigniter4-projectWeb\system\Database\MySQLi\Connection.php(295): mysqli->query('INSERT INTO `wa...', 0)
#1 C:\Users\Acer\Documents\perkUIiahan\Archives\CodeIgniter4\codeigniter4-projectWeb\system\Database\BaseConnection.php(692): CodeIgniter\Database\MySQLi\Connection->execute('INSERT INTO `wa...')
#2 C:\Users\Acer\Documents\perkUIiahan\Archives\CodeIgniter4\codeigniter4-projectWeb\system\Database\BaseConnection.php(606): CodeIgniter\Database\BaseConnection->simpleQuery('INSERT INTO `wa...')
#3 C:\Users\Acer\Documents\perkUIiahan\Archives\CodeIgniter4\codeigniter4-projectWeb\system\Database\BaseBuilder.php(2309): CodeIgniter\Database\BaseConnection->query('INSERT INTO `wa...', Array, false)
#4 C:\Users\Acer\Documents\perkUIiahan\Archives\CodeIgniter4\codeigniter4-projectWeb\system\Model.php(330): CodeIgniter\Database\BaseBuilder->insert()
#5 C:\Users\Acer\Documents\perkUIiahan\Archives\CodeIgniter4\codeigniter4-projectWeb\system\BaseModel.php(782): CodeIgniter\Model->doInsert(Array)
#6 C:\Users\Acer\Documents\perkUIiahan\Archives\CodeIgniter4\codeigniter4-projectWeb\system\Model.php(730): CodeIgniter\BaseModel->insert(Array, false)
#7 C:\Users\Acer\Documents\perkUIiahan\Archives\CodeIgniter4\codeigniter4-projectWeb\system\BaseModel.php(692): CodeIgniter\Model->insert(Array, false)
#8 C:\Users\Acer\Documents\perkUIiahan\Archives\CodeIgniter4\codeigniter4-projectWeb\app\Controllers\Anime.php(80): CodeIgniter\BaseModel->save(Array)
#9 C:\Users\Acer\Documents\perkUIiahan\Archives\CodeIgniter4\codeigniter4-projectWeb\system\CodeIgniter.php(932): App\Controllers\Anime->save()
#10 C:\Users\Acer\Documents\perkUIiahan\Archives\CodeIgniter4\codeigniter4-projectWeb\system\CodeIgniter.php(497): CodeIgniter\CodeIgniter->runController(Object(App\Controllers\Anime))
#11 C:\Users\Acer\Documents\perkUIiahan\Archives\CodeIgniter4\codeigniter4-projectWeb\system\CodeIgniter.php(366): CodeIgniter\CodeIgniter->handleRequest(NULL, Object(Config\Cache), false)
#12 C:\Users\Acer\Documents\perkUIiahan\Archives\CodeIgniter4\codeigniter4-projectWeb\public\index.php(67): CodeIgniter\CodeIgniter->run()
#13 C:\Users\Acer\Documents\perkUIiahan\Archives\CodeIgniter4\codeigniter4-projectWeb\system\Commands\Server\rewrite.php(47): require_once('C:\\Users\\Acer\\D...')
#14 {main}
CRITICAL - 2023-08-07 09:01:52 --> Unknown column 'created_at' in 'field list'
in SYSTEMPATH\Database\MySQLi\Connection.php on line 295.
 1 SYSTEMPATH\Database\MySQLi\Connection.php(295): mysqli->query('INSERT INTO `watch` (`judul`, `slug`, `genre`, `studio`, `sampul`, `created_at`, `updated_at`) VALUES (\'Charlotte\', \'charlotte\', \'School, Super Power\', \'P.A. Works\', \'a\', \'2023-08-07 09:01:52\', \'2023-08-07 09:01:52\')', 0)
 2 SYSTEMPATH\Database\BaseConnection.php(692): CodeIgniter\Database\MySQLi\Connection->execute('INSERT INTO `watch` (`judul`, `slug`, `genre`, `studio`, `sampul`, `created_at`, `updated_at`) VALUES (\'Charlotte\', \'charlotte\', \'School, Super Power\', \'P.A. Works\', \'a\', \'2023-08-07 09:01:52\', \'2023-08-07 09:01:52\')')
 3 SYSTEMPATH\Database\BaseConnection.php(606): CodeIgniter\Database\BaseConnection->simpleQuery('INSERT INTO `watch` (`judul`, `slug`, `genre`, `studio`, `sampul`, `created_at`, `updated_at`) VALUES (\'Charlotte\', \'charlotte\', \'School, Super Power\', \'P.A. Works\', \'a\', \'2023-08-07 09:01:52\', \'2023-08-07 09:01:52\')')
 4 SYSTEMPATH\Database\BaseBuilder.php(2309): CodeIgniter\Database\BaseConnection->query('INSERT INTO `watch` (`judul`, `slug`, `genre`, `studio`, `sampul`, `created_at`, `updated_at`) VALUES (:judul:, :slug:, :genre:, :studio:, :sampul:, :created_at:, :updated_at:)', [...], false)
 5 SYSTEMPATH\Model.php(330): CodeIgniter\Database\BaseBuilder->insert()
 6 SYSTEMPATH\BaseModel.php(782): CodeIgniter\Model->doInsert([...])
 7 SYSTEMPATH\Model.php(730): CodeIgniter\BaseModel->insert([...], false)
 8 SYSTEMPATH\BaseModel.php(692): CodeIgniter\Model->insert([...], false)
 9 APPPATH\Controllers\Anime.php(80): CodeIgniter\BaseModel->save([...])
10 SYSTEMPATH\CodeIgniter.php(932): App\Controllers\Anime->save()
11 SYSTEMPATH\CodeIgniter.php(497): CodeIgniter\CodeIgniter->runController(Object(App\Controllers\Anime))
12 SYSTEMPATH\CodeIgniter.php(366): CodeIgniter\CodeIgniter->handleRequest(null, Object(Config\Cache), false)
13 FCPATH\index.php(67): CodeIgniter\CodeIgniter->run()
14 SYSTEMPATH\Commands\Server\rewrite.php(47): require_once('C:\\Users\\Acer\\Documents\\perkUIiahan\\Archives\\CodeIgniter4\\codeigniter4-projectWeb\\public\\index.php')
CRITICAL - 2023-08-07 09:22:41 --> syntax error, unexpected token "return"
in APPPATH\Controllers\Anime.php on line 85.
 1 SYSTEMPATH\Router\Router.php(510): CodeIgniter\Router\AutoRouter->getRoute('anime/create', 'get')
 2 SYSTEMPATH\Router\Router.php(208): CodeIgniter\Router\Router->autoRoute('anime/create')
 3 SYSTEMPATH\CodeIgniter.php(813): CodeIgniter\Router\Router->handle('anime/create')
 4 SYSTEMPATH\CodeIgniter.php(447): CodeIgniter\CodeIgniter->tryToRouteIt(Object(CodeIgniter\Router\RouteCollection))
 5 SYSTEMPATH\CodeIgniter.php(366): CodeIgniter\CodeIgniter->handleRequest(null, Object(Config\Cache), false)
 6 FCPATH\index.php(67): CodeIgniter\CodeIgniter->run()
 7 SYSTEMPATH\Commands\Server\rewrite.php(47): require_once('C:\\Users\\Acer\\Documents\\perkUIiahan\\Archives\\CodeIgniter4\\codeigniter4-projectWeb\\public\\index.php')
CRITICAL - 2023-08-07 09:22:42 --> syntax error, unexpected token "return"
in APPPATH\Controllers\Anime.php on line 85.
 1 SYSTEMPATH\Router\Router.php(510): CodeIgniter\Router\AutoRouter->getRoute('anime/css/blockedPage.css', 'get')
 2 SYSTEMPATH\Router\Router.php(208): CodeIgniter\Router\Router->autoRoute('anime/css/blockedPage.css')
 3 SYSTEMPATH\CodeIgniter.php(813): CodeIgniter\Router\Router->handle('anime/css/blockedPage.css')
 4 SYSTEMPATH\CodeIgniter.php(447): CodeIgniter\CodeIgniter->tryToRouteIt(Object(CodeIgniter\Router\RouteCollection))
 5 SYSTEMPATH\CodeIgniter.php(366): CodeIgniter\CodeIgniter->handleRequest(null, Object(Config\Cache), false)
 6 FCPATH\index.php(67): CodeIgniter\CodeIgniter->run()
 7 SYSTEMPATH\Commands\Server\rewrite.php(47): require_once('C:\\Users\\Acer\\Documents\\perkUIiahan\\Archives\\CodeIgniter4\\codeigniter4-projectWeb\\public\\index.php')
INFO - 2023-08-07 09:27:14 --> Session: Class initialized using 'CodeIgniter\Session\Handlers\FileHandler' driver.
INFO - 2023-08-07 09:27:15 --> Session: Class initialized using 'CodeIgniter\Session\Handlers\FileHandler' driver.
INFO - 2023-08-07 10:10:12 --> Session: Class initialized using 'CodeIgniter\Session\Handlers\FileHandler' driver.
INFO - 2023-08-07 10:10:18 --> Session: Class initialized using 'CodeIgniter\Session\Handlers\FileHandler' driver.
INFO - 2023-08-07 10:10:24 --> Session: Class initialized using 'CodeIgniter\Session\Handlers\FileHandler' driver.
INFO - 2023-08-07 10:10:29 --> Session: Class initialized using 'CodeIgniter\Session\Handlers\FileHandler' driver.
INFO - 2023-08-07 10:11:47 --> Session: Class initialized using 'CodeIgniter\Session\Handlers\FileHandler' driver.
