ERROR - 2023-08-06 04:34:28 --> Error connecting to the database: mysqli_sql_exception: Unknown database 'anime' in C:\Users\Acer\Documents\perkUIiahan\Archives\CodeIgniter4\codeigniter4-projectWeb\system\Database\MySQLi\Connection.php:174
Stack trace:
#0 C:\Users\Acer\Documents\perkUIiahan\Archives\CodeIgniter4\codeigniter4-projectWeb\system\Database\MySQLi\Connection.php(174): mysqli->real_connect('localhost', 'root', '', 'anime', 3306, '', 0)
#1 C:\Users\Acer\Documents\perkUIiahan\Archives\CodeIgniter4\codeigniter4-projectWeb\system\Database\BaseConnection.php(391): CodeIgniter\Database\MySQLi\Connection->connect(false)
#2 C:\Users\Acer\Documents\perkUIiahan\Archives\CodeIgniter4\codeigniter4-projectWeb\system\Database\BaseConnection.php(574): CodeIgniter\Database\BaseConnection->initialize()
#3 C:\Users\Acer\Documents\perkUIiahan\Archives\CodeIgniter4\codeigniter4-projectWeb\system\Database\BaseBuilder.php(1616): CodeIgniter\Database\BaseConnection->query('SELECT *\nFROM `...', Array, false)
#4 C:\Users\Acer\Documents\perkUIiahan\Archives\CodeIgniter4\codeigniter4-projectWeb\system\Model.php(241): CodeIgniter\Database\BaseBuilder->get()
#5 C:\Users\Acer\Documents\perkUIiahan\Archives\CodeIgniter4\codeigniter4-projectWeb\system\BaseModel.php(618): CodeIgniter\Model->doFindAll(0, 0)
#6 C:\Users\Acer\Documents\perkUIiahan\Archives\CodeIgniter4\codeigniter4-projectWeb\app\Controllers\Anime.php(24): CodeIgniter\BaseModel->findAll()
#7 C:\Users\Acer\Documents\perkUIiahan\Archives\CodeIgniter4\codeigniter4-projectWeb\system\CodeIgniter.php(932): App\Controllers\Anime->list()
#8 C:\Users\Acer\Documents\perkUIiahan\Archives\CodeIgniter4\codeigniter4-projectWeb\system\CodeIgniter.php(497): CodeIgniter\CodeIgniter->runController(Object(App\Controllers\Anime))
#9 C:\Users\Acer\Documents\perkUIiahan\Archives\CodeIgniter4\codeigniter4-projectWeb\system\CodeIgniter.php(366): CodeIgniter\CodeIgniter->handleRequest(NULL, Object(Config\Cache), false)
#10 C:\Users\Acer\Documents\perkUIiahan\Archives\CodeIgniter4\codeigniter4-projectWeb\public\index.php(67): CodeIgniter\CodeIgniter->run()
#11 C:\Users\Acer\Documents\perkUIiahan\Archives\CodeIgniter4\codeigniter4-projectWeb\system\Commands\Server\rewrite.php(47): require_once('C:\\Users\\Acer\\D...')
#12 {main}

Next CodeIgniter\Database\Exceptions\DatabaseException: Unknown database 'anime' in C:\Users\Acer\Documents\perkUIiahan\Archives\CodeIgniter4\codeigniter4-projectWeb\system\Database\MySQLi\Connection.php:218
Stack trace:
#0 C:\Users\Acer\Documents\perkUIiahan\Archives\CodeIgniter4\codeigniter4-projectWeb\system\Database\BaseConnection.php(391): CodeIgniter\Database\MySQLi\Connection->connect(false)
#1 C:\Users\Acer\Documents\perkUIiahan\Archives\CodeIgniter4\codeigniter4-projectWeb\system\Database\BaseConnection.php(574): CodeIgniter\Database\BaseConnection->initialize()
#2 C:\Users\Acer\Documents\perkUIiahan\Archives\CodeIgniter4\codeigniter4-projectWeb\system\Database\BaseBuilder.php(1616): CodeIgniter\Database\BaseConnection->query('SELECT *\nFROM `...', Array, false)
#3 C:\Users\Acer\Documents\perkUIiahan\Archives\CodeIgniter4\codeigniter4-projectWeb\system\Model.php(241): CodeIgniter\Database\BaseBuilder->get()
#4 C:\Users\Acer\Documents\perkUIiahan\Archives\CodeIgniter4\codeigniter4-projectWeb\system\BaseModel.php(618): CodeIgniter\Model->doFindAll(0, 0)
#5 C:\Users\Acer\Documents\perkUIiahan\Archives\CodeIgniter4\codeigniter4-projectWeb\app\Controllers\Anime.php(24): CodeIgniter\BaseModel->findAll()
#6 C:\Users\Acer\Documents\perkUIiahan\Archives\CodeIgniter4\codeigniter4-projectWeb\system\CodeIgniter.php(932): App\Controllers\Anime->list()
#7 C:\Users\Acer\Documents\perkUIiahan\Archives\CodeIgniter4\codeigniter4-projectWeb\system\CodeIgniter.php(497): CodeIgniter\CodeIgniter->runController(Object(App\Controllers\Anime))
#8 C:\Users\Acer\Documents\perkUIiahan\Archives\CodeIgniter4\codeigniter4-projectWeb\system\CodeIgniter.php(366): CodeIgniter\CodeIgniter->handleRequest(NULL, Object(Config\Cache), false)
#9 C:\Users\Acer\Documents\perkUIiahan\Archives\CodeIgniter4\codeigniter4-projectWeb\public\index.php(67): CodeIgniter\CodeIgniter->run()
#10 C:\Users\Acer\Documents\perkUIiahan\Archives\CodeIgniter4\codeigniter4-projectWeb\system\Commands\Server\rewrite.php(47): require_once('C:\\Users\\Acer\\D...')
#11 {main}
CRITICAL - 2023-08-06 04:34:28 --> Unable to connect to the database.
Main connection [MySQLi]: Unknown database 'anime'
in SYSTEMPATH\Database\BaseConnection.php on line 427.
 1 SYSTEMPATH\Database\BaseConnection.php(574): CodeIgniter\Database\BaseConnection->initialize()
 2 SYSTEMPATH\Database\BaseBuilder.php(1616): CodeIgniter\Database\BaseConnection->query('SELECT *
FROM `watch`', [], false)
 3 SYSTEMPATH\Model.php(241): CodeIgniter\Database\BaseBuilder->get()
 4 SYSTEMPATH\BaseModel.php(618): CodeIgniter\Model->doFindAll(0, 0)
 5 APPPATH\Controllers\Anime.php(24): CodeIgniter\BaseModel->findAll()
 6 SYSTEMPATH\CodeIgniter.php(932): App\Controllers\Anime->list()
 7 SYSTEMPATH\CodeIgniter.php(497): CodeIgniter\CodeIgniter->runController(Object(App\Controllers\Anime))
 8 SYSTEMPATH\CodeIgniter.php(366): CodeIgniter\CodeIgniter->handleRequest(null, Object(Config\Cache), false)
 9 FCPATH\index.php(67): CodeIgniter\CodeIgniter->run()
10 SYSTEMPATH\Commands\Server\rewrite.php(47): require_once('C:\\Users\\Acer\\Documents\\perkUIiahan\\Archives\\CodeIgniter4\\codeigniter4-projectWeb\\public\\index.php')
CRITICAL - 2023-08-06 04:36:48 --> Undefined variable $animeM
in APPPATH\Views\anime\index.php on line 18.
 1 APPPATH\Views\anime\index.php(18): CodeIgniter\Debug\Exceptions->errorHandler(2, 'Undefined variable $animeM', 'C:\\Users\\Acer\\Documents\\perkUIiahan\\Archives\\CodeIgniter4\\codeigniter4-projectWeb\\app\\Views\\anime\\index.php', 18)
 2 SYSTEMPATH\View\View.php(224): include('C:\\Users\\Acer\\Documents\\perkUIiahan\\Archives\\CodeIgniter4\\codeigniter4-projectWeb\\app\\Views\\anime\\index.php')
 3 SYSTEMPATH\View\View.php(227): CodeIgniter\View\View->CodeIgniter\View\{closure}()
 4 SYSTEMPATH\Common.php(1176): CodeIgniter\View\View->render('anime/index', [], true)
 5 APPPATH\Controllers\Anime.php(30): view('anime/index', [...])
 6 SYSTEMPATH\CodeIgniter.php(932): App\Controllers\Anime->list()
 7 SYSTEMPATH\CodeIgniter.php(497): CodeIgniter\CodeIgniter->runController(Object(App\Controllers\Anime))
 8 SYSTEMPATH\CodeIgniter.php(366): CodeIgniter\CodeIgniter->handleRequest(null, Object(Config\Cache), false)
 9 FCPATH\index.php(67): CodeIgniter\CodeIgniter->run()
10 SYSTEMPATH\Commands\Server\rewrite.php(47): require_once('C:\\Users\\Acer\\Documents\\perkUIiahan\\Archives\\CodeIgniter4\\codeigniter4-projectWeb\\public\\index.php')
CRITICAL - 2023-08-06 04:41:24 --> Undefined variable $animeM
in APPPATH\Views\anime\index.php on line 18.
 1 APPPATH\Views\anime\index.php(18): CodeIgniter\Debug\Exceptions->errorHandler(2, 'Undefined variable $animeM', 'C:\\Users\\Acer\\Documents\\perkUIiahan\\Archives\\CodeIgniter4\\codeigniter4-projectWeb\\app\\Views\\anime\\index.php', 18)
 2 SYSTEMPATH\View\View.php(224): include('C:\\Users\\Acer\\Documents\\perkUIiahan\\Archives\\CodeIgniter4\\codeigniter4-projectWeb\\app\\Views\\anime\\index.php')
 3 SYSTEMPATH\View\View.php(227): CodeIgniter\View\View->CodeIgniter\View\{closure}()
 4 SYSTEMPATH\Common.php(1176): CodeIgniter\View\View->render('anime/index', [], true)
 5 APPPATH\Controllers\Anime.php(30): view('anime/index', [...])
 6 SYSTEMPATH\CodeIgniter.php(932): App\Controllers\Anime->list()
 7 SYSTEMPATH\CodeIgniter.php(497): CodeIgniter\CodeIgniter->runController(Object(App\Controllers\Anime))
 8 SYSTEMPATH\CodeIgniter.php(366): CodeIgniter\CodeIgniter->handleRequest(null, Object(Config\Cache), false)
 9 FCPATH\index.php(67): CodeIgniter\CodeIgniter->run()
10 SYSTEMPATH\Commands\Server\rewrite.php(47): require_once('C:\\Users\\Acer\\Documents\\perkUIiahan\\Archives\\CodeIgniter4\\codeigniter4-projectWeb\\public\\index.php')
CRITICAL - 2023-08-06 04:42:09 --> Undefined variable $animeM
in APPPATH\Views\anime\index.php on line 18.
 1 APPPATH\Views\anime\index.php(18): CodeIgniter\Debug\Exceptions->errorHandler(2, 'Undefined variable $animeM', 'C:\\Users\\Acer\\Documents\\perkUIiahan\\Archives\\CodeIgniter4\\codeigniter4-projectWeb\\app\\Views\\anime\\index.php', 18)
 2 SYSTEMPATH\View\View.php(224): include('C:\\Users\\Acer\\Documents\\perkUIiahan\\Archives\\CodeIgniter4\\codeigniter4-projectWeb\\app\\Views\\anime\\index.php')
 3 SYSTEMPATH\View\View.php(227): CodeIgniter\View\View->CodeIgniter\View\{closure}()
 4 SYSTEMPATH\Common.php(1176): CodeIgniter\View\View->render('anime/index', [], true)
 5 APPPATH\Controllers\Anime.php(30): view('anime/index', [...])
 6 SYSTEMPATH\CodeIgniter.php(932): App\Controllers\Anime->list()
 7 SYSTEMPATH\CodeIgniter.php(497): CodeIgniter\CodeIgniter->runController(Object(App\Controllers\Anime))
 8 SYSTEMPATH\CodeIgniter.php(366): CodeIgniter\CodeIgniter->handleRequest(null, Object(Config\Cache), false)
 9 FCPATH\index.php(67): CodeIgniter\CodeIgniter->run()
10 SYSTEMPATH\Commands\Server\rewrite.php(47): require_once('C:\\Users\\Acer\\Documents\\perkUIiahan\\Archives\\CodeIgniter4\\codeigniter4-projectWeb\\public\\index.php')
CRITICAL - 2023-08-06 04:42:55 --> Undefined variable $animeM
in APPPATH\Views\anime\index.php on line 18.
 1 APPPATH\Views\anime\index.php(18): CodeIgniter\Debug\Exceptions->errorHandler(2, 'Undefined variable $animeM', 'C:\\Users\\Acer\\Documents\\perkUIiahan\\Archives\\CodeIgniter4\\codeigniter4-projectWeb\\app\\Views\\anime\\index.php', 18)
 2 SYSTEMPATH\View\View.php(224): include('C:\\Users\\Acer\\Documents\\perkUIiahan\\Archives\\CodeIgniter4\\codeigniter4-projectWeb\\app\\Views\\anime\\index.php')
 3 SYSTEMPATH\View\View.php(227): CodeIgniter\View\View->CodeIgniter\View\{closure}()
 4 SYSTEMPATH\Common.php(1176): CodeIgniter\View\View->render('anime/index', [], true)
 5 APPPATH\Controllers\Anime.php(30): view('anime/index', [...])
 6 SYSTEMPATH\CodeIgniter.php(932): App\Controllers\Anime->list()
 7 SYSTEMPATH\CodeIgniter.php(497): CodeIgniter\CodeIgniter->runController(Object(App\Controllers\Anime))
 8 SYSTEMPATH\CodeIgniter.php(366): CodeIgniter\CodeIgniter->handleRequest(null, Object(Config\Cache), false)
 9 FCPATH\index.php(67): CodeIgniter\CodeIgniter->run()
10 SYSTEMPATH\Commands\Server\rewrite.php(47): require_once('C:\\Users\\Acer\\Documents\\perkUIiahan\\Archives\\CodeIgniter4\\codeigniter4-projectWeb\\public\\index.php')
CRITICAL - 2023-08-06 04:45:00 --> Undefined variable $animeM
in APPPATH\Views\anime\index.php on line 18.
 1 APPPATH\Views\anime\index.php(18): CodeIgniter\Debug\Exceptions->errorHandler(2, 'Undefined variable $animeM', 'C:\\Users\\Acer\\Documents\\perkUIiahan\\Archives\\CodeIgniter4\\codeigniter4-projectWeb\\app\\Views\\anime\\index.php', 18)
 2 SYSTEMPATH\View\View.php(224): include('C:\\Users\\Acer\\Documents\\perkUIiahan\\Archives\\CodeIgniter4\\codeigniter4-projectWeb\\app\\Views\\anime\\index.php')
 3 SYSTEMPATH\View\View.php(227): CodeIgniter\View\View->CodeIgniter\View\{closure}()
 4 SYSTEMPATH\Common.php(1176): CodeIgniter\View\View->render('anime/index', [], true)
 5 APPPATH\Controllers\Anime.php(32): view('anime/index', [...])
 6 SYSTEMPATH\CodeIgniter.php(932): App\Controllers\Anime->list()
 7 SYSTEMPATH\CodeIgniter.php(497): CodeIgniter\CodeIgniter->runController(Object(App\Controllers\Anime))
 8 SYSTEMPATH\CodeIgniter.php(366): CodeIgniter\CodeIgniter->handleRequest(null, Object(Config\Cache), false)
 9 FCPATH\index.php(67): CodeIgniter\CodeIgniter->run()
10 SYSTEMPATH\Commands\Server\rewrite.php(47): require_once('C:\\Users\\Acer\\Documents\\perkUIiahan\\Archives\\CodeIgniter4\\codeigniter4-projectWeb\\public\\index.php')
CRITICAL - 2023-08-06 04:45:21 --> Undefined variable $animeModel
in APPPATH\Views\anime\index.php on line 18.
 1 APPPATH\Views\anime\index.php(18): CodeIgniter\Debug\Exceptions->errorHandler(2, 'Undefined variable $animeModel', 'C:\\Users\\Acer\\Documents\\perkUIiahan\\Archives\\CodeIgniter4\\codeigniter4-projectWeb\\app\\Views\\anime\\index.php', 18)
 2 SYSTEMPATH\View\View.php(224): include('C:\\Users\\Acer\\Documents\\perkUIiahan\\Archives\\CodeIgniter4\\codeigniter4-projectWeb\\app\\Views\\anime\\index.php')
 3 SYSTEMPATH\View\View.php(227): CodeIgniter\View\View->CodeIgniter\View\{closure}()
 4 SYSTEMPATH\Common.php(1176): CodeIgniter\View\View->render('anime/index', [], true)
 5 APPPATH\Controllers\Anime.php(32): view('anime/index', [...])
 6 SYSTEMPATH\CodeIgniter.php(932): App\Controllers\Anime->list()
 7 SYSTEMPATH\CodeIgniter.php(497): CodeIgniter\CodeIgniter->runController(Object(App\Controllers\Anime))
 8 SYSTEMPATH\CodeIgniter.php(366): CodeIgniter\CodeIgniter->handleRequest(null, Object(Config\Cache), false)
 9 FCPATH\index.php(67): CodeIgniter\CodeIgniter->run()
10 SYSTEMPATH\Commands\Server\rewrite.php(47): require_once('C:\\Users\\Acer\\Documents\\perkUIiahan\\Archives\\CodeIgniter4\\codeigniter4-projectWeb\\public\\index.php')
CRITICAL - 2023-08-06 05:34:38 --> Undefined variable $animeModel
in APPPATH\Views\anime\index.php on line 18.
 1 APPPATH\Views\anime\index.php(18): CodeIgniter\Debug\Exceptions->errorHandler(2, 'Undefined variable $animeModel', 'C:\\Users\\Acer\\Documents\\perkUIiahan\\Archives\\CodeIgniter4\\codeigniter4-projectWeb\\app\\Views\\anime\\index.php', 18)
 2 SYSTEMPATH\View\View.php(224): include('C:\\Users\\Acer\\Documents\\perkUIiahan\\Archives\\CodeIgniter4\\codeigniter4-projectWeb\\app\\Views\\anime\\index.php')
 3 SYSTEMPATH\View\View.php(227): CodeIgniter\View\View->CodeIgniter\View\{closure}()
 4 SYSTEMPATH\Common.php(1176): CodeIgniter\View\View->render('anime/index', [...], true)
 5 APPPATH\Controllers\Anime.php(32): view('anime/index', [...], [...])
 6 SYSTEMPATH\CodeIgniter.php(932): App\Controllers\Anime->list()
 7 SYSTEMPATH\CodeIgniter.php(497): CodeIgniter\CodeIgniter->runController(Object(App\Controllers\Anime))
 8 SYSTEMPATH\CodeIgniter.php(366): CodeIgniter\CodeIgniter->handleRequest(null, Object(Config\Cache), false)
 9 FCPATH\index.php(67): CodeIgniter\CodeIgniter->run()
10 SYSTEMPATH\Commands\Server\rewrite.php(47): require_once('C:\\Users\\Acer\\Documents\\perkUIiahan\\Archives\\CodeIgniter4\\codeigniter4-projectWeb\\public\\index.php')
CRITICAL - 2023-08-06 05:35:00 --> Undefined variable $animeM
in APPPATH\Views\anime\index.php on line 18.
 1 APPPATH\Views\anime\index.php(18): CodeIgniter\Debug\Exceptions->errorHandler(2, 'Undefined variable $animeM', 'C:\\Users\\Acer\\Documents\\perkUIiahan\\Archives\\CodeIgniter4\\codeigniter4-projectWeb\\app\\Views\\anime\\index.php', 18)
 2 SYSTEMPATH\View\View.php(224): include('C:\\Users\\Acer\\Documents\\perkUIiahan\\Archives\\CodeIgniter4\\codeigniter4-projectWeb\\app\\Views\\anime\\index.php')
 3 SYSTEMPATH\View\View.php(227): CodeIgniter\View\View->CodeIgniter\View\{closure}()
 4 SYSTEMPATH\Common.php(1176): CodeIgniter\View\View->render('anime/index', [...], true)
 5 APPPATH\Controllers\Anime.php(32): view('anime/index', [...], [...])
 6 SYSTEMPATH\CodeIgniter.php(932): App\Controllers\Anime->list()
 7 SYSTEMPATH\CodeIgniter.php(497): CodeIgniter\CodeIgniter->runController(Object(App\Controllers\Anime))
 8 SYSTEMPATH\CodeIgniter.php(366): CodeIgniter\CodeIgniter->handleRequest(null, Object(Config\Cache), false)
 9 FCPATH\index.php(67): CodeIgniter\CodeIgniter->run()
10 SYSTEMPATH\Commands\Server\rewrite.php(47): require_once('C:\\Users\\Acer\\Documents\\perkUIiahan\\Archives\\CodeIgniter4\\codeigniter4-projectWeb\\public\\index.php')
CRITICAL - 2023-08-06 10:50:27 --> Undefined variable $animeM
in APPPATH\Views\anime\index.php on line 18.
 1 APPPATH\Views\anime\index.php(18): CodeIgniter\Debug\Exceptions->errorHandler(2, 'Undefined variable $animeM', 'C:\\Users\\Acer\\Documents\\perkUIiahan\\Archives\\CodeIgniter4\\codeigniter4-projectWeb\\app\\Views\\anime\\index.php', 18)
 2 SYSTEMPATH\View\View.php(224): include('C:\\Users\\Acer\\Documents\\perkUIiahan\\Archives\\CodeIgniter4\\codeigniter4-projectWeb\\app\\Views\\anime\\index.php')
 3 SYSTEMPATH\View\View.php(227): CodeIgniter\View\View->CodeIgniter\View\{closure}()
 4 SYSTEMPATH\Common.php(1176): CodeIgniter\View\View->render('anime/index', [], true)
 5 APPPATH\Controllers\Anime.php(32): view('anime/index', [...])
 6 SYSTEMPATH\CodeIgniter.php(932): App\Controllers\Anime->list()
 7 SYSTEMPATH\CodeIgniter.php(497): CodeIgniter\CodeIgniter->runController(Object(App\Controllers\Anime))
 8 SYSTEMPATH\CodeIgniter.php(366): CodeIgniter\CodeIgniter->handleRequest(null, Object(Config\Cache), false)
 9 FCPATH\index.php(67): CodeIgniter\CodeIgniter->run()
10 SYSTEMPATH\Commands\Server\rewrite.php(47): require_once('C:\\Users\\Acer\\Documents\\perkUIiahan\\Archives\\CodeIgniter4\\codeigniter4-projectWeb\\public\\index.php')
CRITICAL - 2023-08-06 10:54:17 --> Undefined variable $animeM
in APPPATH\Views\anime\index.php on line 18.
 1 APPPATH\Views\anime\index.php(18): CodeIgniter\Debug\Exceptions->errorHandler(2, 'Undefined variable $animeM', 'C:\\Users\\Acer\\Documents\\perkUIiahan\\Archives\\CodeIgniter4\\codeigniter4-projectWeb\\app\\Views\\anime\\index.php', 18)
 2 SYSTEMPATH\View\View.php(224): include('C:\\Users\\Acer\\Documents\\perkUIiahan\\Archives\\CodeIgniter4\\codeigniter4-projectWeb\\app\\Views\\anime\\index.php')
 3 SYSTEMPATH\View\View.php(227): CodeIgniter\View\View->CodeIgniter\View\{closure}()
 4 SYSTEMPATH\Common.php(1176): CodeIgniter\View\View->render('anime/index', [], true)
 5 APPPATH\Controllers\Anime.php(32): view('anime/index', [...])
 6 SYSTEMPATH\CodeIgniter.php(932): App\Controllers\Anime->list()
 7 SYSTEMPATH\CodeIgniter.php(497): CodeIgniter\CodeIgniter->runController(Object(App\Controllers\Anime))
 8 SYSTEMPATH\CodeIgniter.php(366): CodeIgniter\CodeIgniter->handleRequest(null, Object(Config\Cache), false)
 9 FCPATH\index.php(67): CodeIgniter\CodeIgniter->run()
10 SYSTEMPATH\Commands\Server\rewrite.php(47): require_once('C:\\Users\\Acer\\Documents\\perkUIiahan\\Archives\\CodeIgniter4\\codeigniter4-projectWeb\\public\\index.php')
CRITICAL - 2023-08-06 10:54:22 --> Undefined variable $animeM
in APPPATH\Views\anime\index.php on line 18.
 1 APPPATH\Views\anime\index.php(18): CodeIgniter\Debug\Exceptions->errorHandler(2, 'Undefined variable $animeM', 'C:\\Users\\Acer\\Documents\\perkUIiahan\\Archives\\CodeIgniter4\\codeigniter4-projectWeb\\app\\Views\\anime\\index.php', 18)
 2 SYSTEMPATH\View\View.php(224): include('C:\\Users\\Acer\\Documents\\perkUIiahan\\Archives\\CodeIgniter4\\codeigniter4-projectWeb\\app\\Views\\anime\\index.php')
 3 SYSTEMPATH\View\View.php(227): CodeIgniter\View\View->CodeIgniter\View\{closure}()
 4 SYSTEMPATH\Common.php(1176): CodeIgniter\View\View->render('anime/index', [], true)
 5 APPPATH\Controllers\Anime.php(32): view('anime/index', [...])
 6 SYSTEMPATH\CodeIgniter.php(932): App\Controllers\Anime->list()
 7 SYSTEMPATH\CodeIgniter.php(497): CodeIgniter\CodeIgniter->runController(Object(App\Controllers\Anime))
 8 SYSTEMPATH\CodeIgniter.php(366): CodeIgniter\CodeIgniter->handleRequest(null, Object(Config\Cache), false)
 9 FCPATH\index.php(67): CodeIgniter\CodeIgniter->run()
10 SYSTEMPATH\Commands\Server\rewrite.php(47): require_once('C:\\Users\\Acer\\Documents\\perkUIiahan\\Archives\\CodeIgniter4\\codeigniter4-projectWeb\\public\\index.php')
CRITICAL - 2023-08-06 10:54:23 --> Undefined variable $animeM
in APPPATH\Views\anime\index.php on line 18.
 1 APPPATH\Views\anime\index.php(18): CodeIgniter\Debug\Exceptions->errorHandler(2, 'Undefined variable $animeM', 'C:\\Users\\Acer\\Documents\\perkUIiahan\\Archives\\CodeIgniter4\\codeigniter4-projectWeb\\app\\Views\\anime\\index.php', 18)
 2 SYSTEMPATH\View\View.php(224): include('C:\\Users\\Acer\\Documents\\perkUIiahan\\Archives\\CodeIgniter4\\codeigniter4-projectWeb\\app\\Views\\anime\\index.php')
 3 SYSTEMPATH\View\View.php(227): CodeIgniter\View\View->CodeIgniter\View\{closure}()
 4 SYSTEMPATH\Common.php(1176): CodeIgniter\View\View->render('anime/index', [], true)
 5 APPPATH\Controllers\Anime.php(32): view('anime/index', [...])
 6 SYSTEMPATH\CodeIgniter.php(932): App\Controllers\Anime->list()
 7 SYSTEMPATH\CodeIgniter.php(497): CodeIgniter\CodeIgniter->runController(Object(App\Controllers\Anime))
 8 SYSTEMPATH\CodeIgniter.php(366): CodeIgniter\CodeIgniter->handleRequest(null, Object(Config\Cache), false)
 9 FCPATH\index.php(67): CodeIgniter\CodeIgniter->run()
10 SYSTEMPATH\Commands\Server\rewrite.php(47): require_once('C:\\Users\\Acer\\Documents\\perkUIiahan\\Archives\\CodeIgniter4\\codeigniter4-projectWeb\\public\\index.php')
CRITICAL - 2023-08-06 10:54:23 --> Undefined variable $animeM
in APPPATH\Views\anime\index.php on line 18.
 1 APPPATH\Views\anime\index.php(18): CodeIgniter\Debug\Exceptions->errorHandler(2, 'Undefined variable $animeM', 'C:\\Users\\Acer\\Documents\\perkUIiahan\\Archives\\CodeIgniter4\\codeigniter4-projectWeb\\app\\Views\\anime\\index.php', 18)
 2 SYSTEMPATH\View\View.php(224): include('C:\\Users\\Acer\\Documents\\perkUIiahan\\Archives\\CodeIgniter4\\codeigniter4-projectWeb\\app\\Views\\anime\\index.php')
 3 SYSTEMPATH\View\View.php(227): CodeIgniter\View\View->CodeIgniter\View\{closure}()
 4 SYSTEMPATH\Common.php(1176): CodeIgniter\View\View->render('anime/index', [], true)
 5 APPPATH\Controllers\Anime.php(32): view('anime/index', [...])
 6 SYSTEMPATH\CodeIgniter.php(932): App\Controllers\Anime->list()
 7 SYSTEMPATH\CodeIgniter.php(497): CodeIgniter\CodeIgniter->runController(Object(App\Controllers\Anime))
 8 SYSTEMPATH\CodeIgniter.php(366): CodeIgniter\CodeIgniter->handleRequest(null, Object(Config\Cache), false)
 9 FCPATH\index.php(67): CodeIgniter\CodeIgniter->run()
10 SYSTEMPATH\Commands\Server\rewrite.php(47): require_once('C:\\Users\\Acer\\Documents\\perkUIiahan\\Archives\\CodeIgniter4\\codeigniter4-projectWeb\\public\\index.php')
CRITICAL - 2023-08-06 10:54:23 --> Undefined variable $animeM
in APPPATH\Views\anime\index.php on line 18.
 1 APPPATH\Views\anime\index.php(18): CodeIgniter\Debug\Exceptions->errorHandler(2, 'Undefined variable $animeM', 'C:\\Users\\Acer\\Documents\\perkUIiahan\\Archives\\CodeIgniter4\\codeigniter4-projectWeb\\app\\Views\\anime\\index.php', 18)
 2 SYSTEMPATH\View\View.php(224): include('C:\\Users\\Acer\\Documents\\perkUIiahan\\Archives\\CodeIgniter4\\codeigniter4-projectWeb\\app\\Views\\anime\\index.php')
 3 SYSTEMPATH\View\View.php(227): CodeIgniter\View\View->CodeIgniter\View\{closure}()
 4 SYSTEMPATH\Common.php(1176): CodeIgniter\View\View->render('anime/index', [], true)
 5 APPPATH\Controllers\Anime.php(32): view('anime/index', [...])
 6 SYSTEMPATH\CodeIgniter.php(932): App\Controllers\Anime->list()
 7 SYSTEMPATH\CodeIgniter.php(497): CodeIgniter\CodeIgniter->runController(Object(App\Controllers\Anime))
 8 SYSTEMPATH\CodeIgniter.php(366): CodeIgniter\CodeIgniter->handleRequest(null, Object(Config\Cache), false)
 9 FCPATH\index.php(67): CodeIgniter\CodeIgniter->run()
10 SYSTEMPATH\Commands\Server\rewrite.php(47): require_once('C:\\Users\\Acer\\Documents\\perkUIiahan\\Archives\\CodeIgniter4\\codeigniter4-projectWeb\\public\\index.php')
CRITICAL - 2023-08-06 10:54:24 --> Undefined variable $animeM
in APPPATH\Views\anime\index.php on line 18.
 1 APPPATH\Views\anime\index.php(18): CodeIgniter\Debug\Exceptions->errorHandler(2, 'Undefined variable $animeM', 'C:\\Users\\Acer\\Documents\\perkUIiahan\\Archives\\CodeIgniter4\\codeigniter4-projectWeb\\app\\Views\\anime\\index.php', 18)
 2 SYSTEMPATH\View\View.php(224): include('C:\\Users\\Acer\\Documents\\perkUIiahan\\Archives\\CodeIgniter4\\codeigniter4-projectWeb\\app\\Views\\anime\\index.php')
 3 SYSTEMPATH\View\View.php(227): CodeIgniter\View\View->CodeIgniter\View\{closure}()
 4 SYSTEMPATH\Common.php(1176): CodeIgniter\View\View->render('anime/index', [], true)
 5 APPPATH\Controllers\Anime.php(32): view('anime/index', [...])
 6 SYSTEMPATH\CodeIgniter.php(932): App\Controllers\Anime->list()
 7 SYSTEMPATH\CodeIgniter.php(497): CodeIgniter\CodeIgniter->runController(Object(App\Controllers\Anime))
 8 SYSTEMPATH\CodeIgniter.php(366): CodeIgniter\CodeIgniter->handleRequest(null, Object(Config\Cache), false)
 9 FCPATH\index.php(67): CodeIgniter\CodeIgniter->run()
10 SYSTEMPATH\Commands\Server\rewrite.php(47): require_once('C:\\Users\\Acer\\Documents\\perkUIiahan\\Archives\\CodeIgniter4\\codeigniter4-projectWeb\\public\\index.php')
CRITICAL - 2023-08-06 10:54:24 --> Undefined variable $animeM
in APPPATH\Views\anime\index.php on line 18.
 1 APPPATH\Views\anime\index.php(18): CodeIgniter\Debug\Exceptions->errorHandler(2, 'Undefined variable $animeM', 'C:\\Users\\Acer\\Documents\\perkUIiahan\\Archives\\CodeIgniter4\\codeigniter4-projectWeb\\app\\Views\\anime\\index.php', 18)
 2 SYSTEMPATH\View\View.php(224): include('C:\\Users\\Acer\\Documents\\perkUIiahan\\Archives\\CodeIgniter4\\codeigniter4-projectWeb\\app\\Views\\anime\\index.php')
 3 SYSTEMPATH\View\View.php(227): CodeIgniter\View\View->CodeIgniter\View\{closure}()
 4 SYSTEMPATH\Common.php(1176): CodeIgniter\View\View->render('anime/index', [], true)
 5 APPPATH\Controllers\Anime.php(32): view('anime/index', [...])
 6 SYSTEMPATH\CodeIgniter.php(932): App\Controllers\Anime->list()
 7 SYSTEMPATH\CodeIgniter.php(497): CodeIgniter\CodeIgniter->runController(Object(App\Controllers\Anime))
 8 SYSTEMPATH\CodeIgniter.php(366): CodeIgniter\CodeIgniter->handleRequest(null, Object(Config\Cache), false)
 9 FCPATH\index.php(67): CodeIgniter\CodeIgniter->run()
10 SYSTEMPATH\Commands\Server\rewrite.php(47): require_once('C:\\Users\\Acer\\Documents\\perkUIiahan\\Archives\\CodeIgniter4\\codeigniter4-projectWeb\\public\\index.php')
CRITICAL - 2023-08-06 10:55:52 --> Undefined variable $animeM
in APPPATH\Views\anime\index.php on line 18.
 1 APPPATH\Views\anime\index.php(18): CodeIgniter\Debug\Exceptions->errorHandler(2, 'Undefined variable $animeM', 'C:\\Users\\Acer\\Documents\\perkUIiahan\\Archives\\CodeIgniter4\\codeigniter4-projectWeb\\app\\Views\\anime\\index.php', 18)
 2 SYSTEMPATH\View\View.php(224): include('C:\\Users\\Acer\\Documents\\perkUIiahan\\Archives\\CodeIgniter4\\codeigniter4-projectWeb\\app\\Views\\anime\\index.php')
 3 SYSTEMPATH\View\View.php(227): CodeIgniter\View\View->CodeIgniter\View\{closure}()
 4 SYSTEMPATH\Common.php(1176): CodeIgniter\View\View->render('anime/index', [], true)
 5 APPPATH\Controllers\Anime.php(32): view('anime/index', [...])
 6 SYSTEMPATH\CodeIgniter.php(932): App\Controllers\Anime->list()
 7 SYSTEMPATH\CodeIgniter.php(497): CodeIgniter\CodeIgniter->runController(Object(App\Controllers\Anime))
 8 SYSTEMPATH\CodeIgniter.php(366): CodeIgniter\CodeIgniter->handleRequest(null, Object(Config\Cache), false)
 9 FCPATH\index.php(67): CodeIgniter\CodeIgniter->run()
10 SYSTEMPATH\Commands\Server\rewrite.php(47): require_once('C:\\Users\\Acer\\Documents\\perkUIiahan\\Archives\\CodeIgniter4\\codeigniter4-projectWeb\\public\\index.php')
